[HTTP] Binding to address: :1080
Creating API v1 with WebPath: 
Creating API v2 with WebPath: 
Got message in APIv2 websocket channel
[APIv2] BROADCAST /api/v2/websocket
Got message in APIv1 event stream
Sending content: {
  "ID": "YAMpn_KfGZ67Zj7jqokHb4habiloGYPYqq03tiqTzLA=@mailhog.example",
  "From": {
    "Relays": null,
    "Mailbox": "www-data",
    "Domain": "1551fbabb6ec",
    "Params": ""
  },
  "To": [
    {
      "Relays": null,
      "Mailbox": "mailhog",
      "Domain": "flywheel.local",
      "Params": ""
    }
  ],
  "Content": {
    "Headers": {
      "Content-Type": [
        "text/plain; charset=UTF-8"
      ],
      "Date": [
        "Thu, 5 Apr 2018 10:54:52 +0000"
      ],
      "From": [
        "WordPress \u003cwordpress@testsite.local\u003e"
      ],
      "MIME-Version": [
        "1.0"
      ],
      "Message-ID": [
        "\u003cc166edd09a202be9d23b9c1c869a3b12@testsite.local\u003e"
      ],
      "Received": [
        "from localhost by mailhog.example (MailHog)\r\n          id YAMpn_KfGZ67Zj7jqokHb4habiloGYPYqq03tiqTzLA=@mailhog.example; Thu, 05 Apr 2018 10:54:52 +0000"
      ],
      "Return-Path": [
        "\u003cwww-data@1551fbabb6ec\u003e"
      ],
      "Subject": [
        "[TESTSITE] Your site has updated to WordPress 4.9.5"
      ],
      "To": [
        "dev-email@flywheel.local"
      ],
      "X-Mailer": [
        "PHPMailer 5.2.22 (https://github.com/PHPMailer/PHPMailer)"
      ],
      "X-PHP-Originating-Script": [
        "1000:class-phpmailer.php"
      ]
    },
    "Body": "Howdy! Your site at http://testsite.local has been updated automatically to WordPress 4.9.5.\r\n\r\nNo further action is needed on your part. For more on version 4.9.5, see the About WordPress screen:\r\nhttp://testsite.local/wp-admin/about.php\r\n\r\nIf you experience any issues or need support, the volunteers in the WordPress.org support forums may be able to help.\r\nhttps://wordpress.org/support/\r\n\r\nYou also have some plugins or themes with updates available. Update them now:\r\nhttp://testsite.local/wp-admin/\r\n\r\nThe WordPress Team\r\n",
    "Size": 949,
    "MIME": null
  },
  "Created": "2018-04-05T10:54:52.913076661Z",
  "MIME": null,
  "Raw": {
    "From": "www-data@1551fbabb6ec",
    "To": [
      "mailhog@flywheel.local"
    ],
    "Data": "To: dev-email@flywheel.local\r\nSubject: [TESTSITE] Your site has updated to WordPress 4.9.5\r\nX-PHP-Originating-Script: 1000:class-phpmailer.php\r\nDate: Thu, 5 Apr 2018 10:54:52 +0000\r\nFrom: WordPress \u003cwordpress@testsite.local\u003e\r\nMessage-ID: \u003cc166edd09a202be9d23b9c1c869a3b12@testsite.local\u003e\r\nX-Mailer: PHPMailer 5.2.22 (https://github.com/PHPMailer/PHPMailer)\r\nMIME-Version: 1.0\r\nContent-Type: text/plain; charset=UTF-8\r\n\r\nHowdy! Your site at http://testsite.local has been updated automatically to WordPress 4.9.5.\r\n\r\nNo further action is needed on your part. For more on version 4.9.5, see the About WordPress screen:\r\nhttp://testsite.local/wp-admin/about.php\r\n\r\nIf you experience any issues or need support, the volunteers in the WordPress.org support forums may be able to help.\r\nhttps://wordpress.org/support/\r\n\r\nYou also have some plugins or themes with updates available. Update them now:\r\nhttp://testsite.local/wp-admin/\r\n\r\nThe WordPress Team\r\n",
    "Helo": "localhost"
  }
}

[APIv1] BROADCAST /api/v1/events
[APIv1] KEEPALIVE /api/v1/events
[APIv1] KEEPALIVE /api/v1/events
[APIv1] KEEPALIVE /api/v1/events
[APIv1] KEEPALIVE /api/v1/events
[APIv1] KEEPALIVE /api/v1/events
[APIv1] KEEPALIVE /api/v1/events
[APIv1] KEEPALIVE /api/v1/events
