2018-03-28 11:05:04,410 CRIT Supervisor running as root (no user in config file)
2018-03-28 11:05:04,411 WARN Included extra file "/etc/supervisor/conf.d/supervisord.conf" during parsing
2018-03-28 11:05:04,436 INFO RPC interface 'supervisor' initialized
2018-03-28 11:05:04,436 CRIT Server 'unix_http_server' running without any HTTP authentication checking
2018-03-28 11:05:04,436 INFO supervisord started with pid 1
2018-03-28 11:05:05,440 INFO spawned: 'varnishd' with pid 13
2018-03-28 11:05:05,445 INFO spawned: 'php-fpm' with pid 14
2018-03-28 11:05:05,448 INFO spawned: 'varnish-plugins-watcher' with pid 15
2018-03-28 11:05:05,454 INFO spawned: 'nginx' with pid 16
2018-03-28 11:05:05,457 INFO spawned: 'MailHog' with pid 17
2018-03-28 11:05:05,461 INFO spawned: 'mysql' with pid 18
2018-03-28 11:05:05,464 INFO spawned: 'varnish-themes-watcher' with pid 19
2018-03-28 11:05:06,531 INFO success: varnishd entered RUNNING state, process has stayed up for > than 1 seconds (startsecs)
2018-03-28 11:05:06,532 INFO success: php-fpm entered RUNNING state, process has stayed up for > than 1 seconds (startsecs)
2018-03-28 11:05:06,532 INFO success: varnish-plugins-watcher entered RUNNING state, process has stayed up for > than 1 seconds (startsecs)
2018-03-28 11:05:06,533 INFO success: nginx entered RUNNING state, process has stayed up for > than 1 seconds (startsecs)
2018-03-28 11:05:06,533 INFO success: MailHog entered RUNNING state, process has stayed up for > than 1 seconds (startsecs)
2018-03-28 11:05:06,534 INFO success: mysql entered RUNNING state, process has stayed up for > than 1 seconds (startsecs)
2018-03-28 11:05:06,534 INFO success: varnish-themes-watcher entered RUNNING state, process has stayed up for > than 1 seconds (startsecs)
2018-03-29 10:56:01,302 CRIT Supervisor running as root (no user in config file)
2018-03-29 10:56:01,302 WARN Included extra file "/etc/supervisor/conf.d/supervisord.conf" during parsing
2018-03-29 10:56:01,663 INFO RPC interface 'supervisor' initialized
2018-03-29 10:56:01,667 CRIT Server 'unix_http_server' running without any HTTP authentication checking
2018-03-29 10:56:01,669 INFO supervisord started with pid 1
2018-03-29 10:56:02,674 INFO spawned: 'varnishd' with pid 7
2018-03-29 10:56:02,683 INFO spawned: 'php-fpm' with pid 8
2018-03-29 10:56:02,686 INFO spawned: 'varnish-plugins-watcher' with pid 9
2018-03-29 10:56:02,691 INFO spawned: 'nginx' with pid 10
2018-03-29 10:56:02,699 INFO spawned: 'MailHog' with pid 11
2018-03-29 10:56:02,705 INFO spawned: 'mysql' with pid 12
2018-03-29 10:56:02,708 INFO spawned: 'varnish-themes-watcher' with pid 13
2018-03-29 10:56:03,750 INFO success: varnishd entered RUNNING state, process has stayed up for > than 1 seconds (startsecs)
2018-03-29 10:56:03,751 INFO success: php-fpm entered RUNNING state, process has stayed up for > than 1 seconds (startsecs)
2018-03-29 10:56:03,753 INFO success: varnish-plugins-watcher entered RUNNING state, process has stayed up for > than 1 seconds (startsecs)
2018-03-29 10:56:03,754 INFO success: nginx entered RUNNING state, process has stayed up for > than 1 seconds (startsecs)
2018-03-29 10:56:03,755 INFO success: MailHog entered RUNNING state, process has stayed up for > than 1 seconds (startsecs)
2018-03-29 10:56:03,755 INFO success: mysql entered RUNNING state, process has stayed up for > than 1 seconds (startsecs)
2018-03-29 10:56:03,756 INFO success: varnish-themes-watcher entered RUNNING state, process has stayed up for > than 1 seconds (startsecs)
2018-03-29 12:56:07,666 WARN received SIGTERM indicating exit request
2018-03-29 12:56:07,667 INFO waiting for varnishd, php-fpm, varnish-plugins-watcher, nginx, MailHog, mysql, varnish-themes-watcher to die
2018-03-29 12:56:08,670 INFO stopped: varnish-themes-watcher (terminated by SIGTERM)
2018-03-29 12:56:08,695 INFO stopped: mysql (exit status 0)
2018-03-29 12:56:08,698 INFO stopped: MailHog (terminated by SIGTERM)
2018-03-29 12:56:08,702 INFO stopped: nginx (exit status 0)
2018-03-29 12:56:09,705 INFO stopped: varnish-plugins-watcher (terminated by SIGTERM)
2018-03-29 12:56:09,734 INFO stopped: php-fpm (exit status 0)
2018-03-29 12:56:10,099 CRIT reaped unknown pid 19)
2018-03-29 12:56:10,740 INFO waiting for varnishd to die
2018-03-29 12:56:10,878 INFO stopped: varnishd (exit status 0)
2018-03-30 16:23:06,349 CRIT Supervisor running as root (no user in config file)
2018-03-30 16:23:06,351 WARN Included extra file "/etc/supervisor/conf.d/supervisord.conf" during parsing
2018-03-30 16:23:06,458 INFO RPC interface 'supervisor' initialized
2018-03-30 16:23:06,459 CRIT Server 'unix_http_server' running without any HTTP authentication checking
2018-03-30 16:23:06,459 INFO supervisord started with pid 1
2018-03-30 16:23:07,466 INFO spawned: 'varnishd' with pid 24
2018-03-30 16:23:07,473 INFO spawned: 'php-fpm' with pid 25
2018-03-30 16:23:07,479 INFO spawned: 'varnish-plugins-watcher' with pid 26
2018-03-30 16:23:07,488 INFO spawned: 'nginx' with pid 27
2018-03-30 16:23:07,501 INFO spawned: 'MailHog' with pid 28
2018-03-30 16:23:07,510 INFO spawned: 'mysql' with pid 29
2018-03-30 16:23:07,521 INFO spawned: 'varnish-themes-watcher' with pid 30
2018-03-30 16:23:08,868 INFO success: varnishd entered RUNNING state, process has stayed up for > than 1 seconds (startsecs)
2018-03-30 16:23:08,868 INFO success: php-fpm entered RUNNING state, process has stayed up for > than 1 seconds (startsecs)
2018-03-30 16:23:08,869 INFO success: varnish-plugins-watcher entered RUNNING state, process has stayed up for > than 1 seconds (startsecs)
2018-03-30 16:23:08,870 INFO success: nginx entered RUNNING state, process has stayed up for > than 1 seconds (startsecs)
2018-03-30 16:23:08,870 INFO success: MailHog entered RUNNING state, process has stayed up for > than 1 seconds (startsecs)
2018-03-30 16:23:08,870 INFO success: mysql entered RUNNING state, process has stayed up for > than 1 seconds (startsecs)
2018-03-30 16:23:08,871 INFO success: varnish-themes-watcher entered RUNNING state, process has stayed up for > than 1 seconds (startsecs)
2018-03-30 16:27:09,600 WARN received SIGTERM indicating exit request
2018-03-30 16:27:09,600 INFO waiting for varnishd, php-fpm, varnish-plugins-watcher, nginx, MailHog, mysql, varnish-themes-watcher to die
2018-03-30 16:27:10,603 INFO stopped: varnish-themes-watcher (terminated by SIGTERM)
2018-03-30 16:27:10,618 INFO stopped: mysql (exit status 0)
2018-03-30 16:27:10,622 INFO stopped: MailHog (terminated by SIGTERM)
2018-03-30 16:27:10,629 INFO stopped: nginx (exit status 0)
2018-03-30 16:27:11,633 INFO stopped: varnish-plugins-watcher (terminated by SIGTERM)
2018-03-30 16:27:11,661 INFO stopped: php-fpm (exit status 0)
2018-03-30 16:27:11,730 CRIT reaped unknown pid 38)
2018-03-30 16:27:12,669 INFO waiting for varnishd to die
2018-03-30 16:27:12,817 INFO stopped: varnishd (exit status 0)
2018-03-31 00:04:18,898 CRIT Supervisor running as root (no user in config file)
2018-03-31 00:04:18,903 WARN Included extra file "/etc/supervisor/conf.d/supervisord.conf" during parsing
2018-03-31 00:04:19,054 INFO RPC interface 'supervisor' initialized
2018-03-31 00:04:19,055 CRIT Server 'unix_http_server' running without any HTTP authentication checking
2018-03-31 00:04:19,056 INFO supervisord started with pid 1
2018-03-31 00:04:20,069 INFO spawned: 'varnishd' with pid 24
2018-03-31 00:04:20,089 INFO spawned: 'php-fpm' with pid 25
2018-03-31 00:04:20,097 INFO spawned: 'varnish-plugins-watcher' with pid 26
2018-03-31 00:04:20,110 INFO spawned: 'nginx' with pid 27
2018-03-31 00:04:20,134 INFO spawned: 'MailHog' with pid 28
2018-03-31 00:04:20,149 INFO spawned: 'mysql' with pid 29
2018-03-31 00:04:20,160 INFO spawned: 'varnish-themes-watcher' with pid 30
2018-03-31 00:04:21,486 INFO success: varnishd entered RUNNING state, process has stayed up for > than 1 seconds (startsecs)
2018-03-31 00:04:21,486 INFO success: php-fpm entered RUNNING state, process has stayed up for > than 1 seconds (startsecs)
2018-03-31 00:04:21,487 INFO success: varnish-plugins-watcher entered RUNNING state, process has stayed up for > than 1 seconds (startsecs)
2018-03-31 00:04:21,488 INFO success: nginx entered RUNNING state, process has stayed up for > than 1 seconds (startsecs)
2018-03-31 00:04:21,488 INFO success: MailHog entered RUNNING state, process has stayed up for > than 1 seconds (startsecs)
2018-03-31 00:04:21,489 INFO success: mysql entered RUNNING state, process has stayed up for > than 1 seconds (startsecs)
2018-03-31 00:04:21,489 INFO success: varnish-themes-watcher entered RUNNING state, process has stayed up for > than 1 seconds (startsecs)
2018-03-31 01:17:07,395 WARN received SIGTERM indicating exit request
2018-03-31 01:17:07,396 INFO waiting for varnishd, php-fpm, varnish-plugins-watcher, nginx, MailHog, mysql, varnish-themes-watcher to die
2018-03-31 01:17:08,398 INFO stopped: varnish-themes-watcher (terminated by SIGTERM)
2018-03-31 01:17:08,430 INFO stopped: mysql (exit status 0)
2018-03-31 01:17:08,442 INFO stopped: MailHog (terminated by SIGTERM)
2018-03-31 01:17:08,452 INFO stopped: nginx (exit status 0)
2018-03-31 01:17:09,460 INFO stopped: varnish-plugins-watcher (terminated by SIGTERM)
2018-03-31 01:17:09,491 INFO stopped: php-fpm (exit status 0)
2018-03-31 01:17:09,757 CRIT reaped unknown pid 38)
2018-03-31 01:17:10,504 INFO waiting for varnishd to die
2018-03-31 01:17:10,641 INFO stopped: varnishd (exit status 0)
2018-03-31 04:43:59,555 CRIT Supervisor running as root (no user in config file)
2018-03-31 04:43:59,557 WARN Included extra file "/etc/supervisor/conf.d/supervisord.conf" during parsing
2018-03-31 04:43:59,644 INFO RPC interface 'supervisor' initialized
2018-03-31 04:43:59,647 CRIT Server 'unix_http_server' running without any HTTP authentication checking
2018-03-31 04:43:59,648 INFO supervisord started with pid 1
2018-03-31 04:44:00,655 INFO spawned: 'varnishd' with pid 25
2018-03-31 04:44:00,672 INFO spawned: 'php-fpm' with pid 26
2018-03-31 04:44:00,679 INFO spawned: 'varnish-plugins-watcher' with pid 27
2018-03-31 04:44:00,689 INFO spawned: 'nginx' with pid 28
2018-03-31 04:44:00,713 INFO spawned: 'MailHog' with pid 29
2018-03-31 04:44:00,721 INFO spawned: 'mysql' with pid 30
2018-03-31 04:44:00,731 INFO spawned: 'varnish-themes-watcher' with pid 31
2018-03-31 04:44:02,161 INFO success: varnishd entered RUNNING state, process has stayed up for > than 1 seconds (startsecs)
2018-03-31 04:44:02,161 INFO success: php-fpm entered RUNNING state, process has stayed up for > than 1 seconds (startsecs)
2018-03-31 04:44:02,162 INFO success: varnish-plugins-watcher entered RUNNING state, process has stayed up for > than 1 seconds (startsecs)
2018-03-31 04:44:02,162 INFO success: nginx entered RUNNING state, process has stayed up for > than 1 seconds (startsecs)
2018-03-31 04:44:02,163 INFO success: MailHog entered RUNNING state, process has stayed up for > than 1 seconds (startsecs)
2018-03-31 04:44:02,163 INFO success: mysql entered RUNNING state, process has stayed up for > than 1 seconds (startsecs)
2018-03-31 04:44:02,164 INFO success: varnish-themes-watcher entered RUNNING state, process has stayed up for > than 1 seconds (startsecs)
2018-03-31 05:15:55,048 WARN received SIGTERM indicating exit request
2018-03-31 05:15:55,049 INFO waiting for varnishd, php-fpm, varnish-plugins-watcher, nginx, MailHog, mysql, varnish-themes-watcher to die
2018-03-31 05:15:56,051 INFO stopped: varnish-themes-watcher (terminated by SIGTERM)
2018-03-31 05:15:56,080 INFO stopped: mysql (exit status 0)
2018-03-31 05:15:56,082 INFO stopped: MailHog (terminated by SIGTERM)
2018-03-31 05:15:56,085 INFO stopped: nginx (exit status 0)
2018-03-31 05:15:57,089 INFO stopped: varnish-plugins-watcher (terminated by SIGTERM)
2018-03-31 05:15:57,101 INFO stopped: php-fpm (exit status 0)
2018-03-31 05:15:57,164 CRIT reaped unknown pid 39)
2018-03-31 05:15:58,114 INFO waiting for varnishd to die
2018-03-31 05:15:58,249 INFO stopped: varnishd (exit status 0)
2018-03-31 08:53:06,444 CRIT Supervisor running as root (no user in config file)
2018-03-31 08:53:06,445 WARN Included extra file "/etc/supervisor/conf.d/supervisord.conf" during parsing
2018-03-31 08:53:06,644 INFO RPC interface 'supervisor' initialized
2018-03-31 08:53:06,647 CRIT Server 'unix_http_server' running without any HTTP authentication checking
2018-03-31 08:53:06,647 INFO supervisord started with pid 1
2018-03-31 08:53:07,660 INFO spawned: 'varnishd' with pid 24
2018-03-31 08:53:07,679 INFO spawned: 'php-fpm' with pid 25
2018-03-31 08:53:07,685 INFO spawned: 'varnish-plugins-watcher' with pid 26
2018-03-31 08:53:07,698 INFO spawned: 'nginx' with pid 27
2018-03-31 08:53:07,712 INFO spawned: 'MailHog' with pid 28
2018-03-31 08:53:07,732 INFO spawned: 'mysql' with pid 29
2018-03-31 08:53:07,746 INFO spawned: 'varnish-themes-watcher' with pid 30
2018-03-31 08:53:09,165 INFO success: varnishd entered RUNNING state, process has stayed up for > than 1 seconds (startsecs)
2018-03-31 08:53:09,166 INFO success: php-fpm entered RUNNING state, process has stayed up for > than 1 seconds (startsecs)
2018-03-31 08:53:09,166 INFO success: varnish-plugins-watcher entered RUNNING state, process has stayed up for > than 1 seconds (startsecs)
2018-03-31 08:53:09,167 INFO success: nginx entered RUNNING state, process has stayed up for > than 1 seconds (startsecs)
2018-03-31 08:53:09,167 INFO success: MailHog entered RUNNING state, process has stayed up for > than 1 seconds (startsecs)
2018-03-31 08:53:09,168 INFO success: mysql entered RUNNING state, process has stayed up for > than 1 seconds (startsecs)
2018-03-31 08:53:09,168 INFO success: varnish-themes-watcher entered RUNNING state, process has stayed up for > than 1 seconds (startsecs)
2018-04-03 11:19:23,229 CRIT Supervisor running as root (no user in config file)
2018-04-03 11:19:23,230 WARN Included extra file "/etc/supervisor/conf.d/supervisord.conf" during parsing
2018-04-03 11:19:23,596 INFO RPC interface 'supervisor' initialized
2018-04-03 11:19:23,599 CRIT Server 'unix_http_server' running without any HTTP authentication checking
2018-04-03 11:19:23,601 INFO supervisord started with pid 1
2018-04-03 11:19:24,607 INFO spawned: 'varnishd' with pid 7
2018-04-03 11:19:24,616 INFO spawned: 'php-fpm' with pid 8
2018-04-03 11:19:24,620 INFO spawned: 'varnish-plugins-watcher' with pid 9
2018-04-03 11:19:24,627 INFO spawned: 'nginx' with pid 10
2018-04-03 11:19:24,635 INFO spawned: 'MailHog' with pid 11
2018-04-03 11:19:24,640 INFO spawned: 'mysql' with pid 12
2018-04-03 11:19:24,648 INFO spawned: 'varnish-themes-watcher' with pid 13
2018-04-03 11:19:25,618 INFO success: varnishd entered RUNNING state, process has stayed up for > than 1 seconds (startsecs)
2018-04-03 11:19:25,620 INFO success: php-fpm entered RUNNING state, process has stayed up for > than 1 seconds (startsecs)
2018-04-03 11:19:25,621 INFO success: varnish-plugins-watcher entered RUNNING state, process has stayed up for > than 1 seconds (startsecs)
2018-04-03 11:19:25,624 INFO success: nginx entered RUNNING state, process has stayed up for > than 1 seconds (startsecs)
2018-04-03 11:19:25,785 INFO success: MailHog entered RUNNING state, process has stayed up for > than 1 seconds (startsecs)
2018-04-03 11:19:25,786 INFO success: mysql entered RUNNING state, process has stayed up for > than 1 seconds (startsecs)
2018-04-03 11:19:25,787 INFO success: varnish-themes-watcher entered RUNNING state, process has stayed up for > than 1 seconds (startsecs)
2018-04-03 11:19:54,128 WARN received SIGTERM indicating exit request
2018-04-03 11:19:54,128 INFO waiting for varnishd, php-fpm, varnish-plugins-watcher, nginx, MailHog, mysql, varnish-themes-watcher to die
2018-04-03 11:19:55,132 INFO stopped: varnish-themes-watcher (terminated by SIGTERM)
2018-04-03 11:19:55,142 INFO stopped: mysql (exit status 0)
2018-04-03 11:19:55,144 INFO stopped: MailHog (terminated by SIGTERM)
2018-04-03 11:19:55,151 INFO stopped: nginx (exit status 0)
2018-04-03 11:19:56,155 INFO stopped: varnish-plugins-watcher (terminated by SIGTERM)
2018-04-03 11:19:56,163 INFO stopped: php-fpm (exit status 0)
2018-04-03 11:19:56,335 CRIT reaped unknown pid 19)
2018-04-03 11:19:57,176 INFO waiting for varnishd to die
2018-04-03 11:19:57,311 INFO stopped: varnishd (exit status 0)
2018-04-03 12:43:12,434 CRIT Supervisor running as root (no user in config file)
2018-04-03 12:43:12,434 WARN Included extra file "/etc/supervisor/conf.d/supervisord.conf" during parsing
2018-04-03 12:43:12,509 INFO RPC interface 'supervisor' initialized
2018-04-03 12:43:12,514 CRIT Server 'unix_http_server' running without any HTTP authentication checking
2018-04-03 12:43:12,515 INFO supervisord started with pid 1
2018-04-03 12:43:13,522 INFO spawned: 'varnishd' with pid 28
2018-04-03 12:43:13,528 INFO spawned: 'php-fpm' with pid 29
2018-04-03 12:43:13,532 INFO spawned: 'varnish-plugins-watcher' with pid 30
2018-04-03 12:43:13,540 INFO spawned: 'nginx' with pid 31
2018-04-03 12:43:13,547 INFO spawned: 'MailHog' with pid 32
2018-04-03 12:43:13,552 INFO spawned: 'mysql' with pid 33
2018-04-03 12:43:13,560 INFO spawned: 'varnish-themes-watcher' with pid 34
2018-04-03 12:43:14,933 INFO success: varnishd entered RUNNING state, process has stayed up for > than 1 seconds (startsecs)
2018-04-03 12:43:14,934 INFO success: php-fpm entered RUNNING state, process has stayed up for > than 1 seconds (startsecs)
2018-04-03 12:43:14,934 INFO success: varnish-plugins-watcher entered RUNNING state, process has stayed up for > than 1 seconds (startsecs)
2018-04-03 12:43:14,934 INFO success: nginx entered RUNNING state, process has stayed up for > than 1 seconds (startsecs)
2018-04-03 12:43:14,934 INFO success: MailHog entered RUNNING state, process has stayed up for > than 1 seconds (startsecs)
2018-04-03 12:43:14,934 INFO success: mysql entered RUNNING state, process has stayed up for > than 1 seconds (startsecs)
2018-04-03 12:43:14,935 INFO success: varnish-themes-watcher entered RUNNING state, process has stayed up for > than 1 seconds (startsecs)
2018-04-03 12:43:14,935 WARN received SIGTERM indicating exit request
2018-04-03 12:43:14,935 INFO waiting for varnishd, php-fpm, varnish-plugins-watcher, nginx, MailHog, mysql, varnish-themes-watcher to die
2018-04-03 12:43:15,938 INFO stopped: varnish-themes-watcher (terminated by SIGTERM)
2018-04-03 12:43:15,957 INFO stopped: mysql (exit status 0)
2018-04-03 12:43:15,960 INFO stopped: MailHog (terminated by SIGTERM)
2018-04-03 12:43:15,964 INFO stopped: nginx (exit status 0)
2018-04-03 12:43:16,967 INFO stopped: varnish-plugins-watcher (terminated by SIGTERM)
2018-04-03 12:43:16,986 INFO stopped: php-fpm (exit status 0)
2018-04-03 12:43:17,756 CRIT reaped unknown pid 43)
2018-04-03 12:43:17,999 INFO waiting for varnishd to die
2018-04-03 12:43:18,115 INFO stopped: varnishd (exit status 0)
2018-04-05 10:54:11,999 CRIT Supervisor running as root (no user in config file)
2018-04-05 10:54:12,000 WARN Included extra file "/etc/supervisor/conf.d/supervisord.conf" during parsing
2018-04-05 10:54:12,048 INFO RPC interface 'supervisor' initialized
2018-04-05 10:54:12,048 CRIT Server 'unix_http_server' running without any HTTP authentication checking
2018-04-05 10:54:12,049 INFO supervisord started with pid 1
2018-04-05 10:54:13,060 INFO spawned: 'varnishd' with pid 7
2018-04-05 10:54:13,097 INFO spawned: 'php-fpm' with pid 8
2018-04-05 10:54:13,106 INFO spawned: 'varnish-plugins-watcher' with pid 9
2018-04-05 10:54:13,124 INFO spawned: 'nginx' with pid 10
2018-04-05 10:54:13,140 INFO spawned: 'MailHog' with pid 11
2018-04-05 10:54:13,176 INFO spawned: 'mysql' with pid 13
2018-04-05 10:54:13,208 INFO spawned: 'varnish-themes-watcher' with pid 16
2018-04-05 10:54:14,311 INFO success: varnishd entered RUNNING state, process has stayed up for > than 1 seconds (startsecs)
2018-04-05 10:54:14,312 INFO success: php-fpm entered RUNNING state, process has stayed up for > than 1 seconds (startsecs)
2018-04-05 10:54:14,312 INFO success: varnish-plugins-watcher entered RUNNING state, process has stayed up for > than 1 seconds (startsecs)
2018-04-05 10:54:14,312 INFO success: nginx entered RUNNING state, process has stayed up for > than 1 seconds (startsecs)
2018-04-05 10:54:14,313 INFO success: MailHog entered RUNNING state, process has stayed up for > than 1 seconds (startsecs)
2018-04-05 10:54:14,313 INFO success: mysql entered RUNNING state, process has stayed up for > than 1 seconds (startsecs)
2018-04-05 10:54:14,313 INFO success: varnish-themes-watcher entered RUNNING state, process has stayed up for > than 1 seconds (startsecs)
2018-04-05 12:54:21,436 WARN received SIGTERM indicating exit request
2018-04-05 12:54:21,438 INFO waiting for varnishd, php-fpm, varnish-plugins-watcher, nginx, MailHog, mysql, varnish-themes-watcher to die
2018-04-05 12:54:22,440 INFO stopped: varnish-themes-watcher (terminated by SIGTERM)
2018-04-05 12:54:22,446 INFO stopped: mysql (exit status 0)
2018-04-05 12:54:22,450 INFO stopped: MailHog (terminated by SIGTERM)
2018-04-05 12:54:22,453 INFO stopped: nginx (exit status 0)
2018-04-05 12:54:23,456 INFO stopped: varnish-plugins-watcher (terminated by SIGTERM)
2018-04-05 12:54:23,471 INFO stopped: php-fpm (exit status 0)
2018-04-05 12:54:23,518 CRIT reaped unknown pid 21)
2018-04-05 12:54:24,487 INFO waiting for varnishd to die
2018-04-05 12:54:24,542 INFO stopped: varnishd (exit status 0)
