[28-Mar-2018 11:05:32 UTC] PHP Fatal error:  Uncaught Error: Class 'WP_CLI\SynopsisValidator' not found in phar:///usr/local/bin/wp/php/WP_CLI/Dispatcher/Subcommand.php:254
Stack trace:
#0 phar:///usr/local/bin/wp/php/WP_CLI/Dispatcher/Subcommand.php(386): WP_CLI\Dispatcher\Subcommand->validate_args(Array, Array, Array)
#1 phar:///usr/local/bin/wp/php/WP_CLI/Runner.php(323): WP_CLI\Dispatcher\Subcommand->invoke(Array, Array, Array)
#2 phar:///usr/local/bin/wp/php/WP_CLI/Runner.php(330): WP_CLI\Runner->run_command(Array, Array)
#3 phar:///usr/local/bin/wp/php/WP_CLI/Runner.php(985): WP_CLI\Runner->_run_command()
#4 phar:///usr/local/bin/wp/php/WP_CLI/Bootstrap/LaunchRunner.php(23): WP_CLI\Runner->start()
#5 phar:///usr/local/bin/wp/php/bootstrap.php(75): WP_CLI\Bootstrap\LaunchRunner->process(Object(WP_CLI\Bootstrap\BootstrapState))
#6 phar:///usr/local/bin/wp/php/wp-cli.php(23): WP_CLI\bootstrap()
#7 phar:///usr/local/bin/wp/php/boot-phar.php(8): include('phar:///usr/loc...')
#8 /usr/local/bin/wp(4): include('phar:///usr/loc...')
#9 {main}
  thrown in phar:///usr/local/bin/wp/php/WP_CLI/Dispatcher/Subcommand.php on line 254
[28-Mar-2018 11:05:32 UTC] PHP Fatal error:  Uncaught Error: Class 'WP_CLI\SynopsisValidator' not found in phar:///usr/local/bin/wp/php/WP_CLI/Dispatcher/Subcommand.php:254
Stack trace:
#0 phar:///usr/local/bin/wp/php/WP_CLI/Dispatcher/Subcommand.php(386): WP_CLI\Dispatcher\Subcommand->validate_args(Array, Array, Array)
#1 phar:///usr/local/bin/wp/php/WP_CLI/Runner.php(323): WP_CLI\Dispatcher\Subcommand->invoke(Array, Array, Array)
#2 phar:///usr/local/bin/wp/php/WP_CLI/Runner.php(330): WP_CLI\Runner->run_command(Array, Array)
#3 phar:///usr/local/bin/wp/php/WP_CLI/Runner.php(985): WP_CLI\Runner->_run_command()
#4 phar:///usr/local/bin/wp/php/WP_CLI/Bootstrap/LaunchRunner.php(23): WP_CLI\Runner->start()
#5 phar:///usr/local/bin/wp/php/bootstrap.php(75): WP_CLI\Bootstrap\LaunchRunner->process(Object(WP_CLI\Bootstrap\BootstrapState))
#6 phar:///usr/local/bin/wp/php/wp-cli.php(23): WP_CLI\bootstrap()
#7 phar:///usr/local/bin/wp/php/boot-phar.php(8): include('phar:///usr/loc...')
#8 /usr/local/bin/wp(4): include('phar:///usr/loc...')
#9 {main}
  thrown in phar:///usr/local/bin/wp/php/WP_CLI/Dispatcher/Subcommand.php on line 254
[28-Mar-2018 11:18:55 UTC] PHP Warning:  require(/app/public/wp-content/themes/simpledesign/inc/custom-header.php): failed to open stream: No such file or directory in /app/public/wp-content/themes/simpledesign/functions.php on line 251
[28-Mar-2018 11:18:55 UTC] PHP Fatal error:  require(): Failed opening required '/app/public/wp-content/themes/simpledesign/inc/custom-header.php' (include_path='.:/usr/share/php:/www/wp-content/pear') in /app/public/wp-content/themes/simpledesign/functions.php on line 251
[29-Mar-2018 12:17:57 UTC] PHP Warning:  Invalid argument supplied for foreach() in /app/public/wp-content/themes/simpledesign/home.php on line 33
[29-Mar-2018 12:17:57 UTC] PHP Warning:  Invalid argument supplied for foreach() in /app/public/wp-content/themes/simpledesign/home.php on line 33
[29-Mar-2018 12:17:57 UTC] PHP Warning:  Invalid argument supplied for foreach() in /app/public/wp-content/themes/simpledesign/home.php on line 33
[29-Mar-2018 12:17:57 UTC] PHP Warning:  Invalid argument supplied for foreach() in /app/public/wp-content/themes/simpledesign/home.php on line 33
[29-Mar-2018 12:17:57 UTC] PHP Warning:  Invalid argument supplied for foreach() in /app/public/wp-content/themes/simpledesign/home.php on line 33
[29-Mar-2018 12:17:57 UTC] PHP Warning:  Invalid argument supplied for foreach() in /app/public/wp-content/themes/simpledesign/home.php on line 33
[29-Mar-2018 12:32:33 UTC] PHP Warning:  Invalid argument supplied for foreach() in /app/public/wp-content/themes/simpledesign/home.php on line 34
[29-Mar-2018 12:32:33 UTC] PHP Warning:  Invalid argument supplied for foreach() in /app/public/wp-content/themes/simpledesign/home.php on line 34
[29-Mar-2018 12:32:33 UTC] PHP Warning:  Invalid argument supplied for foreach() in /app/public/wp-content/themes/simpledesign/home.php on line 34
[29-Mar-2018 12:32:33 UTC] PHP Warning:  Invalid argument supplied for foreach() in /app/public/wp-content/themes/simpledesign/home.php on line 34
[29-Mar-2018 12:32:33 UTC] PHP Warning:  Invalid argument supplied for foreach() in /app/public/wp-content/themes/simpledesign/home.php on line 34
[29-Mar-2018 12:32:33 UTC] PHP Warning:  Invalid argument supplied for foreach() in /app/public/wp-content/themes/simpledesign/home.php on line 34
[29-Mar-2018 12:35:16 UTC] PHP Warning:  Invalid argument supplied for foreach() in /app/public/wp-content/themes/simpledesign/home.php on line 35
[29-Mar-2018 12:35:16 UTC] PHP Warning:  Invalid argument supplied for foreach() in /app/public/wp-content/themes/simpledesign/home.php on line 35
[29-Mar-2018 12:35:16 UTC] PHP Warning:  Invalid argument supplied for foreach() in /app/public/wp-content/themes/simpledesign/home.php on line 35
[29-Mar-2018 12:35:16 UTC] PHP Warning:  Invalid argument supplied for foreach() in /app/public/wp-content/themes/simpledesign/home.php on line 35
[29-Mar-2018 12:35:16 UTC] PHP Warning:  Invalid argument supplied for foreach() in /app/public/wp-content/themes/simpledesign/home.php on line 35
[29-Mar-2018 12:35:16 UTC] PHP Warning:  Invalid argument supplied for foreach() in /app/public/wp-content/themes/simpledesign/home.php on line 35
[29-Mar-2018 12:35:56 UTC] PHP Parse error:  syntax error, unexpected '$args' (T_VARIABLE) in /app/public/wp-content/themes/simpledesign/home.php on line 32
[29-Mar-2018 12:36:16 UTC] PHP Warning:  Invalid argument supplied for foreach() in /app/public/wp-content/themes/simpledesign/home.php on line 36
[29-Mar-2018 12:36:16 UTC] PHP Warning:  Invalid argument supplied for foreach() in /app/public/wp-content/themes/simpledesign/home.php on line 36
[29-Mar-2018 12:36:16 UTC] PHP Warning:  Invalid argument supplied for foreach() in /app/public/wp-content/themes/simpledesign/home.php on line 36
[29-Mar-2018 12:36:16 UTC] PHP Warning:  Invalid argument supplied for foreach() in /app/public/wp-content/themes/simpledesign/home.php on line 36
[29-Mar-2018 12:36:16 UTC] PHP Warning:  Invalid argument supplied for foreach() in /app/public/wp-content/themes/simpledesign/home.php on line 36
[29-Mar-2018 12:36:16 UTC] PHP Warning:  Invalid argument supplied for foreach() in /app/public/wp-content/themes/simpledesign/home.php on line 36
[29-Mar-2018 12:41:33 UTC] PHP Recoverable fatal error:  Object of class WP_Post could not be converted to string in /app/public/wp-content/themes/simpledesign/home.php on line 32
[29-Mar-2018 12:43:31 UTC] PHP Fatal error:  Uncaught Error: Call to undefined function __toString() in /app/public/wp-content/themes/simpledesign/home.php:32
Stack trace:
#0 /app/public/wp-includes/template-loader.php(74): include()
#1 /app/public/wp-blog-header.php(19): require_once('/app/public/wp-...')
#2 /app/public/index.php(17): require('/app/public/wp-...')
#3 {main}
  thrown in /app/public/wp-content/themes/simpledesign/home.php on line 32
[29-Mar-2018 12:46:13 UTC] PHP Warning:  Invalid argument supplied for foreach() in /app/public/wp-content/themes/simpledesign/home.php on line 36
[29-Mar-2018 12:46:13 UTC] PHP Warning:  Invalid argument supplied for foreach() in /app/public/wp-content/themes/simpledesign/home.php on line 36
[29-Mar-2018 12:46:13 UTC] PHP Warning:  Invalid argument supplied for foreach() in /app/public/wp-content/themes/simpledesign/home.php on line 36
[29-Mar-2018 12:46:13 UTC] PHP Warning:  Invalid argument supplied for foreach() in /app/public/wp-content/themes/simpledesign/home.php on line 36
[29-Mar-2018 12:46:13 UTC] PHP Warning:  Invalid argument supplied for foreach() in /app/public/wp-content/themes/simpledesign/home.php on line 36
[29-Mar-2018 12:46:13 UTC] PHP Warning:  Invalid argument supplied for foreach() in /app/public/wp-content/themes/simpledesign/home.php on line 36
[29-Mar-2018 12:47:19 UTC] PHP Warning:  Invalid argument supplied for foreach() in /app/public/wp-content/themes/simpledesign/home.php on line 36
[29-Mar-2018 12:47:19 UTC] PHP Warning:  Invalid argument supplied for foreach() in /app/public/wp-content/themes/simpledesign/home.php on line 36
[29-Mar-2018 12:47:19 UTC] PHP Warning:  Invalid argument supplied for foreach() in /app/public/wp-content/themes/simpledesign/home.php on line 36
[29-Mar-2018 12:47:19 UTC] PHP Warning:  Invalid argument supplied for foreach() in /app/public/wp-content/themes/simpledesign/home.php on line 36
[29-Mar-2018 12:47:19 UTC] PHP Warning:  Invalid argument supplied for foreach() in /app/public/wp-content/themes/simpledesign/home.php on line 36
[29-Mar-2018 12:47:19 UTC] PHP Warning:  Invalid argument supplied for foreach() in /app/public/wp-content/themes/simpledesign/home.php on line 36
[29-Mar-2018 12:48:14 UTC] PHP Warning:  Invalid argument supplied for foreach() in /app/public/wp-content/themes/simpledesign/home.php on line 36
[29-Mar-2018 12:48:14 UTC] PHP Warning:  Invalid argument supplied for foreach() in /app/public/wp-content/themes/simpledesign/home.php on line 36
[29-Mar-2018 12:48:14 UTC] PHP Warning:  Invalid argument supplied for foreach() in /app/public/wp-content/themes/simpledesign/home.php on line 36
[29-Mar-2018 12:48:14 UTC] PHP Warning:  Invalid argument supplied for foreach() in /app/public/wp-content/themes/simpledesign/home.php on line 36
[29-Mar-2018 12:48:14 UTC] PHP Warning:  Invalid argument supplied for foreach() in /app/public/wp-content/themes/simpledesign/home.php on line 36
[29-Mar-2018 12:48:14 UTC] PHP Warning:  Invalid argument supplied for foreach() in /app/public/wp-content/themes/simpledesign/home.php on line 36
[29-Mar-2018 12:49:00 UTC] PHP Warning:  Invalid argument supplied for foreach() in /app/public/wp-content/themes/simpledesign/home.php on line 37
[29-Mar-2018 12:49:00 UTC] PHP Warning:  Invalid argument supplied for foreach() in /app/public/wp-content/themes/simpledesign/home.php on line 37
[29-Mar-2018 12:49:00 UTC] PHP Warning:  Invalid argument supplied for foreach() in /app/public/wp-content/themes/simpledesign/home.php on line 37
[29-Mar-2018 12:49:00 UTC] PHP Warning:  Invalid argument supplied for foreach() in /app/public/wp-content/themes/simpledesign/home.php on line 37
[29-Mar-2018 12:49:00 UTC] PHP Warning:  Invalid argument supplied for foreach() in /app/public/wp-content/themes/simpledesign/home.php on line 37
[29-Mar-2018 12:49:00 UTC] PHP Warning:  Invalid argument supplied for foreach() in /app/public/wp-content/themes/simpledesign/home.php on line 37
[29-Mar-2018 12:49:01 UTC] PHP Warning:  Invalid argument supplied for foreach() in /app/public/wp-content/themes/simpledesign/home.php on line 37
[29-Mar-2018 12:49:01 UTC] PHP Warning:  Invalid argument supplied for foreach() in /app/public/wp-content/themes/simpledesign/home.php on line 37
[29-Mar-2018 12:49:01 UTC] PHP Warning:  Invalid argument supplied for foreach() in /app/public/wp-content/themes/simpledesign/home.php on line 37
[29-Mar-2018 12:49:01 UTC] PHP Warning:  Invalid argument supplied for foreach() in /app/public/wp-content/themes/simpledesign/home.php on line 37
[29-Mar-2018 12:49:01 UTC] PHP Warning:  Invalid argument supplied for foreach() in /app/public/wp-content/themes/simpledesign/home.php on line 37
[29-Mar-2018 12:49:01 UTC] PHP Warning:  Invalid argument supplied for foreach() in /app/public/wp-content/themes/simpledesign/home.php on line 37
[29-Mar-2018 12:49:35 UTC] PHP Warning:  Invalid argument supplied for foreach() in /app/public/wp-content/themes/simpledesign/home.php on line 36
[29-Mar-2018 12:49:35 UTC] PHP Warning:  Invalid argument supplied for foreach() in /app/public/wp-content/themes/simpledesign/home.php on line 36
[29-Mar-2018 12:49:35 UTC] PHP Warning:  Invalid argument supplied for foreach() in /app/public/wp-content/themes/simpledesign/home.php on line 36
[29-Mar-2018 12:49:35 UTC] PHP Warning:  Invalid argument supplied for foreach() in /app/public/wp-content/themes/simpledesign/home.php on line 36
[29-Mar-2018 12:49:35 UTC] PHP Warning:  Invalid argument supplied for foreach() in /app/public/wp-content/themes/simpledesign/home.php on line 36
[29-Mar-2018 12:49:35 UTC] PHP Warning:  Invalid argument supplied for foreach() in /app/public/wp-content/themes/simpledesign/home.php on line 36
[29-Mar-2018 12:50:20 UTC] PHP Warning:  Invalid argument supplied for foreach() in /app/public/wp-content/themes/simpledesign/home.php on line 36
[29-Mar-2018 12:50:20 UTC] PHP Warning:  Invalid argument supplied for foreach() in /app/public/wp-content/themes/simpledesign/home.php on line 36
[29-Mar-2018 12:50:20 UTC] PHP Warning:  Invalid argument supplied for foreach() in /app/public/wp-content/themes/simpledesign/home.php on line 36
[29-Mar-2018 12:50:20 UTC] PHP Warning:  Invalid argument supplied for foreach() in /app/public/wp-content/themes/simpledesign/home.php on line 36
[29-Mar-2018 12:50:20 UTC] PHP Warning:  Invalid argument supplied for foreach() in /app/public/wp-content/themes/simpledesign/home.php on line 36
[29-Mar-2018 12:50:20 UTC] PHP Warning:  Invalid argument supplied for foreach() in /app/public/wp-content/themes/simpledesign/home.php on line 36
[29-Mar-2018 12:51:06 UTC] PHP Warning:  Invalid argument supplied for foreach() in /app/public/wp-content/themes/simpledesign/home.php on line 36
[29-Mar-2018 12:51:06 UTC] PHP Warning:  Invalid argument supplied for foreach() in /app/public/wp-content/themes/simpledesign/home.php on line 36
[29-Mar-2018 12:51:06 UTC] PHP Warning:  Invalid argument supplied for foreach() in /app/public/wp-content/themes/simpledesign/home.php on line 36
[29-Mar-2018 12:51:06 UTC] PHP Warning:  Invalid argument supplied for foreach() in /app/public/wp-content/themes/simpledesign/home.php on line 36
[29-Mar-2018 12:51:06 UTC] PHP Warning:  Invalid argument supplied for foreach() in /app/public/wp-content/themes/simpledesign/home.php on line 36
[29-Mar-2018 12:51:06 UTC] PHP Warning:  Invalid argument supplied for foreach() in /app/public/wp-content/themes/simpledesign/home.php on line 36
[29-Mar-2018 12:53:49 UTC] PHP Warning:  Invalid argument supplied for foreach() in /app/public/wp-content/themes/simpledesign/home.php on line 36
[29-Mar-2018 12:53:49 UTC] PHP Warning:  Invalid argument supplied for foreach() in /app/public/wp-content/themes/simpledesign/home.php on line 36
[29-Mar-2018 12:53:49 UTC] PHP Warning:  Invalid argument supplied for foreach() in /app/public/wp-content/themes/simpledesign/home.php on line 36
[29-Mar-2018 12:53:49 UTC] PHP Warning:  Invalid argument supplied for foreach() in /app/public/wp-content/themes/simpledesign/home.php on line 36
[29-Mar-2018 12:53:49 UTC] PHP Warning:  Invalid argument supplied for foreach() in /app/public/wp-content/themes/simpledesign/home.php on line 36
[29-Mar-2018 12:53:49 UTC] PHP Warning:  Invalid argument supplied for foreach() in /app/public/wp-content/themes/simpledesign/home.php on line 36
[29-Mar-2018 12:55:05 UTC] PHP Warning:  Invalid argument supplied for foreach() in /app/public/wp-content/themes/simpledesign/home.php on line 36
[29-Mar-2018 12:55:05 UTC] PHP Warning:  Invalid argument supplied for foreach() in /app/public/wp-content/themes/simpledesign/home.php on line 36
[29-Mar-2018 12:55:05 UTC] PHP Warning:  Invalid argument supplied for foreach() in /app/public/wp-content/themes/simpledesign/home.php on line 36
[29-Mar-2018 12:55:05 UTC] PHP Warning:  Invalid argument supplied for foreach() in /app/public/wp-content/themes/simpledesign/home.php on line 36
[29-Mar-2018 12:55:05 UTC] PHP Warning:  Invalid argument supplied for foreach() in /app/public/wp-content/themes/simpledesign/home.php on line 36
[29-Mar-2018 12:55:05 UTC] PHP Warning:  Invalid argument supplied for foreach() in /app/public/wp-content/themes/simpledesign/home.php on line 36
[30-Mar-2018 16:23:59 UTC] PHP Warning:  Invalid argument supplied for foreach() in /app/public/wp-content/themes/simpledesign/home.php on line 36
[30-Mar-2018 16:23:59 UTC] PHP Warning:  Invalid argument supplied for foreach() in /app/public/wp-content/themes/simpledesign/home.php on line 36
[30-Mar-2018 16:23:59 UTC] PHP Warning:  Invalid argument supplied for foreach() in /app/public/wp-content/themes/simpledesign/home.php on line 36
[30-Mar-2018 16:23:59 UTC] PHP Warning:  Invalid argument supplied for foreach() in /app/public/wp-content/themes/simpledesign/home.php on line 36
[30-Mar-2018 16:23:59 UTC] PHP Warning:  Invalid argument supplied for foreach() in /app/public/wp-content/themes/simpledesign/home.php on line 36
[30-Mar-2018 16:23:59 UTC] PHP Warning:  Invalid argument supplied for foreach() in /app/public/wp-content/themes/simpledesign/home.php on line 36
[30-Mar-2018 16:26:00 UTC] PHP Warning:  Invalid argument supplied for foreach() in /app/public/wp-content/themes/simpledesign/home.php on line 37
[30-Mar-2018 16:26:00 UTC] PHP Warning:  Invalid argument supplied for foreach() in /app/public/wp-content/themes/simpledesign/home.php on line 37
[30-Mar-2018 16:26:00 UTC] PHP Warning:  Invalid argument supplied for foreach() in /app/public/wp-content/themes/simpledesign/home.php on line 37
[30-Mar-2018 16:26:00 UTC] PHP Warning:  Invalid argument supplied for foreach() in /app/public/wp-content/themes/simpledesign/home.php on line 37
[30-Mar-2018 16:26:00 UTC] PHP Warning:  Invalid argument supplied for foreach() in /app/public/wp-content/themes/simpledesign/home.php on line 37
[30-Mar-2018 16:26:00 UTC] PHP Warning:  Invalid argument supplied for foreach() in /app/public/wp-content/themes/simpledesign/home.php on line 37
[31-Mar-2018 00:05:01 UTC] PHP Warning:  Invalid argument supplied for foreach() in /app/public/wp-content/themes/simpledesign/home.php on line 37
[31-Mar-2018 00:05:01 UTC] PHP Warning:  Invalid argument supplied for foreach() in /app/public/wp-content/themes/simpledesign/home.php on line 37
[31-Mar-2018 00:05:01 UTC] PHP Warning:  Invalid argument supplied for foreach() in /app/public/wp-content/themes/simpledesign/home.php on line 37
[31-Mar-2018 00:05:01 UTC] PHP Warning:  Invalid argument supplied for foreach() in /app/public/wp-content/themes/simpledesign/home.php on line 37
[31-Mar-2018 00:05:01 UTC] PHP Warning:  Invalid argument supplied for foreach() in /app/public/wp-content/themes/simpledesign/home.php on line 37
[31-Mar-2018 00:05:01 UTC] PHP Warning:  Invalid argument supplied for foreach() in /app/public/wp-content/themes/simpledesign/home.php on line 37
[31-Mar-2018 00:16:44 UTC] PHP Warning:  Invalid argument supplied for foreach() in /app/public/wp-content/themes/simpledesign/home.php on line 37
[31-Mar-2018 00:16:44 UTC] PHP Warning:  Invalid argument supplied for foreach() in /app/public/wp-content/themes/simpledesign/home.php on line 37
[31-Mar-2018 00:16:44 UTC] PHP Warning:  Invalid argument supplied for foreach() in /app/public/wp-content/themes/simpledesign/home.php on line 37
[31-Mar-2018 00:16:44 UTC] PHP Warning:  Invalid argument supplied for foreach() in /app/public/wp-content/themes/simpledesign/home.php on line 37
[31-Mar-2018 00:16:44 UTC] PHP Warning:  Invalid argument supplied for foreach() in /app/public/wp-content/themes/simpledesign/home.php on line 37
[31-Mar-2018 00:16:44 UTC] PHP Warning:  Invalid argument supplied for foreach() in /app/public/wp-content/themes/simpledesign/home.php on line 37
[31-Mar-2018 00:18:43 UTC] PHP Warning:  Invalid argument supplied for foreach() in /app/public/wp-content/themes/simpledesign/home.php on line 37
[31-Mar-2018 00:18:43 UTC] PHP Warning:  Invalid argument supplied for foreach() in /app/public/wp-content/themes/simpledesign/home.php on line 37
[31-Mar-2018 00:18:43 UTC] PHP Warning:  Invalid argument supplied for foreach() in /app/public/wp-content/themes/simpledesign/home.php on line 37
[31-Mar-2018 00:18:43 UTC] PHP Warning:  Invalid argument supplied for foreach() in /app/public/wp-content/themes/simpledesign/home.php on line 37
[31-Mar-2018 00:18:43 UTC] PHP Warning:  Invalid argument supplied for foreach() in /app/public/wp-content/themes/simpledesign/home.php on line 37
[31-Mar-2018 00:18:43 UTC] PHP Warning:  Invalid argument supplied for foreach() in /app/public/wp-content/themes/simpledesign/home.php on line 37
[31-Mar-2018 00:18:47 UTC] PHP Warning:  Invalid argument supplied for foreach() in /app/public/wp-content/themes/simpledesign/home.php on line 37
[31-Mar-2018 00:18:47 UTC] PHP Warning:  Invalid argument supplied for foreach() in /app/public/wp-content/themes/simpledesign/home.php on line 37
[31-Mar-2018 00:18:47 UTC] PHP Warning:  Invalid argument supplied for foreach() in /app/public/wp-content/themes/simpledesign/home.php on line 37
[31-Mar-2018 00:18:47 UTC] PHP Warning:  Invalid argument supplied for foreach() in /app/public/wp-content/themes/simpledesign/home.php on line 37
[31-Mar-2018 00:18:47 UTC] PHP Warning:  Invalid argument supplied for foreach() in /app/public/wp-content/themes/simpledesign/home.php on line 37
[31-Mar-2018 00:18:47 UTC] PHP Warning:  Invalid argument supplied for foreach() in /app/public/wp-content/themes/simpledesign/home.php on line 37
[31-Mar-2018 00:19:16 UTC] PHP Warning:  Invalid argument supplied for foreach() in /app/public/wp-content/themes/simpledesign/home.php on line 37
[31-Mar-2018 00:19:16 UTC] PHP Warning:  Invalid argument supplied for foreach() in /app/public/wp-content/themes/simpledesign/home.php on line 37
[31-Mar-2018 00:19:16 UTC] PHP Warning:  Invalid argument supplied for foreach() in /app/public/wp-content/themes/simpledesign/home.php on line 37
[31-Mar-2018 00:19:16 UTC] PHP Warning:  Invalid argument supplied for foreach() in /app/public/wp-content/themes/simpledesign/home.php on line 37
[31-Mar-2018 00:19:16 UTC] PHP Warning:  Invalid argument supplied for foreach() in /app/public/wp-content/themes/simpledesign/home.php on line 37
[31-Mar-2018 00:19:16 UTC] PHP Warning:  Invalid argument supplied for foreach() in /app/public/wp-content/themes/simpledesign/home.php on line 37
[31-Mar-2018 00:19:19 UTC] PHP Warning:  Invalid argument supplied for foreach() in /app/public/wp-content/themes/simpledesign/home.php on line 37
[31-Mar-2018 00:19:19 UTC] PHP Warning:  Invalid argument supplied for foreach() in /app/public/wp-content/themes/simpledesign/home.php on line 37
[31-Mar-2018 00:19:19 UTC] PHP Warning:  Invalid argument supplied for foreach() in /app/public/wp-content/themes/simpledesign/home.php on line 37
[31-Mar-2018 00:19:19 UTC] PHP Warning:  Invalid argument supplied for foreach() in /app/public/wp-content/themes/simpledesign/home.php on line 37
[31-Mar-2018 00:19:19 UTC] PHP Warning:  Invalid argument supplied for foreach() in /app/public/wp-content/themes/simpledesign/home.php on line 37
[31-Mar-2018 00:19:19 UTC] PHP Warning:  Invalid argument supplied for foreach() in /app/public/wp-content/themes/simpledesign/home.php on line 37
[31-Mar-2018 00:20:42 UTC] PHP Warning:  Invalid argument supplied for foreach() in /app/public/wp-content/themes/simpledesign/home.php on line 38
[31-Mar-2018 00:20:42 UTC] PHP Warning:  Invalid argument supplied for foreach() in /app/public/wp-content/themes/simpledesign/home.php on line 38
[31-Mar-2018 00:20:42 UTC] PHP Warning:  Invalid argument supplied for foreach() in /app/public/wp-content/themes/simpledesign/home.php on line 38
[31-Mar-2018 00:20:42 UTC] PHP Warning:  Invalid argument supplied for foreach() in /app/public/wp-content/themes/simpledesign/home.php on line 38
[31-Mar-2018 00:20:42 UTC] PHP Warning:  Invalid argument supplied for foreach() in /app/public/wp-content/themes/simpledesign/home.php on line 38
[31-Mar-2018 00:20:42 UTC] PHP Warning:  Invalid argument supplied for foreach() in /app/public/wp-content/themes/simpledesign/home.php on line 38
[31-Mar-2018 00:20:44 UTC] PHP Warning:  Invalid argument supplied for foreach() in /app/public/wp-content/themes/simpledesign/home.php on line 38
[31-Mar-2018 00:20:44 UTC] PHP Warning:  Invalid argument supplied for foreach() in /app/public/wp-content/themes/simpledesign/home.php on line 38
[31-Mar-2018 00:20:44 UTC] PHP Warning:  Invalid argument supplied for foreach() in /app/public/wp-content/themes/simpledesign/home.php on line 38
[31-Mar-2018 00:20:44 UTC] PHP Warning:  Invalid argument supplied for foreach() in /app/public/wp-content/themes/simpledesign/home.php on line 38
[31-Mar-2018 00:20:44 UTC] PHP Warning:  Invalid argument supplied for foreach() in /app/public/wp-content/themes/simpledesign/home.php on line 38
[31-Mar-2018 00:20:44 UTC] PHP Warning:  Invalid argument supplied for foreach() in /app/public/wp-content/themes/simpledesign/home.php on line 38
[31-Mar-2018 00:21:05 UTC] PHP Warning:  Invalid argument supplied for foreach() in /app/public/wp-content/themes/simpledesign/home.php on line 38
[31-Mar-2018 00:21:05 UTC] PHP Warning:  Invalid argument supplied for foreach() in /app/public/wp-content/themes/simpledesign/home.php on line 38
[31-Mar-2018 00:21:05 UTC] PHP Warning:  Invalid argument supplied for foreach() in /app/public/wp-content/themes/simpledesign/home.php on line 38
[31-Mar-2018 00:21:05 UTC] PHP Warning:  Invalid argument supplied for foreach() in /app/public/wp-content/themes/simpledesign/home.php on line 38
[31-Mar-2018 00:21:05 UTC] PHP Warning:  Invalid argument supplied for foreach() in /app/public/wp-content/themes/simpledesign/home.php on line 38
[31-Mar-2018 00:21:05 UTC] PHP Warning:  Invalid argument supplied for foreach() in /app/public/wp-content/themes/simpledesign/home.php on line 38
[31-Mar-2018 00:21:06 UTC] PHP Warning:  Invalid argument supplied for foreach() in /app/public/wp-content/themes/simpledesign/home.php on line 38
[31-Mar-2018 00:21:06 UTC] PHP Warning:  Invalid argument supplied for foreach() in /app/public/wp-content/themes/simpledesign/home.php on line 38
[31-Mar-2018 00:21:06 UTC] PHP Warning:  Invalid argument supplied for foreach() in /app/public/wp-content/themes/simpledesign/home.php on line 38
[31-Mar-2018 00:21:06 UTC] PHP Warning:  Invalid argument supplied for foreach() in /app/public/wp-content/themes/simpledesign/home.php on line 38
[31-Mar-2018 00:21:06 UTC] PHP Warning:  Invalid argument supplied for foreach() in /app/public/wp-content/themes/simpledesign/home.php on line 38
[31-Mar-2018 00:21:06 UTC] PHP Warning:  Invalid argument supplied for foreach() in /app/public/wp-content/themes/simpledesign/home.php on line 38
[31-Mar-2018 00:23:06 UTC] PHP Warning:  Invalid argument supplied for foreach() in /app/public/wp-content/themes/simpledesign/home.php on line 38
[31-Mar-2018 00:23:06 UTC] PHP Warning:  Invalid argument supplied for foreach() in /app/public/wp-content/themes/simpledesign/home.php on line 38
[31-Mar-2018 00:23:06 UTC] PHP Warning:  Invalid argument supplied for foreach() in /app/public/wp-content/themes/simpledesign/home.php on line 38
[31-Mar-2018 00:23:06 UTC] PHP Warning:  Invalid argument supplied for foreach() in /app/public/wp-content/themes/simpledesign/home.php on line 38
[31-Mar-2018 00:23:06 UTC] PHP Warning:  Invalid argument supplied for foreach() in /app/public/wp-content/themes/simpledesign/home.php on line 38
[31-Mar-2018 00:23:06 UTC] PHP Warning:  Invalid argument supplied for foreach() in /app/public/wp-content/themes/simpledesign/home.php on line 38
[31-Mar-2018 00:23:22 UTC] PHP Warning:  Invalid argument supplied for foreach() in /app/public/wp-content/themes/simpledesign/home.php on line 38
[31-Mar-2018 00:23:22 UTC] PHP Warning:  Invalid argument supplied for foreach() in /app/public/wp-content/themes/simpledesign/home.php on line 38
[31-Mar-2018 00:23:22 UTC] PHP Warning:  Invalid argument supplied for foreach() in /app/public/wp-content/themes/simpledesign/home.php on line 38
[31-Mar-2018 00:23:22 UTC] PHP Warning:  Invalid argument supplied for foreach() in /app/public/wp-content/themes/simpledesign/home.php on line 38
[31-Mar-2018 00:23:22 UTC] PHP Warning:  Invalid argument supplied for foreach() in /app/public/wp-content/themes/simpledesign/home.php on line 38
[31-Mar-2018 00:23:22 UTC] PHP Warning:  Invalid argument supplied for foreach() in /app/public/wp-content/themes/simpledesign/home.php on line 38
[31-Mar-2018 00:23:23 UTC] PHP Warning:  Invalid argument supplied for foreach() in /app/public/wp-content/themes/simpledesign/home.php on line 38
[31-Mar-2018 00:23:23 UTC] PHP Warning:  Invalid argument supplied for foreach() in /app/public/wp-content/themes/simpledesign/home.php on line 38
[31-Mar-2018 00:23:23 UTC] PHP Warning:  Invalid argument supplied for foreach() in /app/public/wp-content/themes/simpledesign/home.php on line 38
[31-Mar-2018 00:23:23 UTC] PHP Warning:  Invalid argument supplied for foreach() in /app/public/wp-content/themes/simpledesign/home.php on line 38
[31-Mar-2018 00:23:23 UTC] PHP Warning:  Invalid argument supplied for foreach() in /app/public/wp-content/themes/simpledesign/home.php on line 38
[31-Mar-2018 00:23:23 UTC] PHP Warning:  Invalid argument supplied for foreach() in /app/public/wp-content/themes/simpledesign/home.php on line 38
[31-Mar-2018 00:26:04 UTC] PHP Warning:  Invalid argument supplied for foreach() in /app/public/wp-content/themes/simpledesign/home.php on line 37
[31-Mar-2018 00:26:04 UTC] PHP Warning:  Invalid argument supplied for foreach() in /app/public/wp-content/themes/simpledesign/home.php on line 37
[31-Mar-2018 00:26:04 UTC] PHP Warning:  Invalid argument supplied for foreach() in /app/public/wp-content/themes/simpledesign/home.php on line 37
[31-Mar-2018 00:26:04 UTC] PHP Warning:  Invalid argument supplied for foreach() in /app/public/wp-content/themes/simpledesign/home.php on line 37
[31-Mar-2018 00:26:04 UTC] PHP Warning:  Invalid argument supplied for foreach() in /app/public/wp-content/themes/simpledesign/home.php on line 37
[31-Mar-2018 00:26:04 UTC] PHP Warning:  Invalid argument supplied for foreach() in /app/public/wp-content/themes/simpledesign/home.php on line 37
[31-Mar-2018 00:28:36 UTC] PHP Warning:  Invalid argument supplied for foreach() in /app/public/wp-content/themes/simpledesign/home.php on line 36
[31-Mar-2018 00:28:36 UTC] PHP Warning:  Invalid argument supplied for foreach() in /app/public/wp-content/themes/simpledesign/home.php on line 36
[31-Mar-2018 00:28:36 UTC] PHP Warning:  Invalid argument supplied for foreach() in /app/public/wp-content/themes/simpledesign/home.php on line 36
[31-Mar-2018 00:28:36 UTC] PHP Warning:  Invalid argument supplied for foreach() in /app/public/wp-content/themes/simpledesign/home.php on line 36
[31-Mar-2018 00:28:36 UTC] PHP Warning:  Invalid argument supplied for foreach() in /app/public/wp-content/themes/simpledesign/home.php on line 36
[31-Mar-2018 00:28:36 UTC] PHP Warning:  Invalid argument supplied for foreach() in /app/public/wp-content/themes/simpledesign/home.php on line 36
[31-Mar-2018 00:29:57 UTC] PHP Warning:  Invalid argument supplied for foreach() in /app/public/wp-content/themes/simpledesign/home.php on line 37
[31-Mar-2018 00:29:57 UTC] PHP Warning:  Invalid argument supplied for foreach() in /app/public/wp-content/themes/simpledesign/home.php on line 37
[31-Mar-2018 00:29:57 UTC] PHP Warning:  Invalid argument supplied for foreach() in /app/public/wp-content/themes/simpledesign/home.php on line 37
[31-Mar-2018 00:29:57 UTC] PHP Warning:  Invalid argument supplied for foreach() in /app/public/wp-content/themes/simpledesign/home.php on line 37
[31-Mar-2018 00:29:57 UTC] PHP Warning:  Invalid argument supplied for foreach() in /app/public/wp-content/themes/simpledesign/home.php on line 37
[31-Mar-2018 00:29:57 UTC] PHP Warning:  Invalid argument supplied for foreach() in /app/public/wp-content/themes/simpledesign/home.php on line 37
[31-Mar-2018 00:29:59 UTC] PHP Warning:  Invalid argument supplied for foreach() in /app/public/wp-content/themes/simpledesign/home.php on line 37
[31-Mar-2018 00:29:59 UTC] PHP Warning:  Invalid argument supplied for foreach() in /app/public/wp-content/themes/simpledesign/home.php on line 37
[31-Mar-2018 00:29:59 UTC] PHP Warning:  Invalid argument supplied for foreach() in /app/public/wp-content/themes/simpledesign/home.php on line 37
[31-Mar-2018 00:29:59 UTC] PHP Warning:  Invalid argument supplied for foreach() in /app/public/wp-content/themes/simpledesign/home.php on line 37
[31-Mar-2018 00:29:59 UTC] PHP Warning:  Invalid argument supplied for foreach() in /app/public/wp-content/themes/simpledesign/home.php on line 37
[31-Mar-2018 00:29:59 UTC] PHP Warning:  Invalid argument supplied for foreach() in /app/public/wp-content/themes/simpledesign/home.php on line 37
[31-Mar-2018 00:30:56 UTC] PHP Warning:  Invalid argument supplied for foreach() in /app/public/wp-content/themes/simpledesign/home.php on line 37
[31-Mar-2018 00:30:56 UTC] PHP Warning:  Invalid argument supplied for foreach() in /app/public/wp-content/themes/simpledesign/home.php on line 37
[31-Mar-2018 00:30:56 UTC] PHP Warning:  Invalid argument supplied for foreach() in /app/public/wp-content/themes/simpledesign/home.php on line 37
[31-Mar-2018 00:30:56 UTC] PHP Warning:  Invalid argument supplied for foreach() in /app/public/wp-content/themes/simpledesign/home.php on line 37
[31-Mar-2018 00:30:56 UTC] PHP Warning:  Invalid argument supplied for foreach() in /app/public/wp-content/themes/simpledesign/home.php on line 37
[31-Mar-2018 00:30:56 UTC] PHP Warning:  Invalid argument supplied for foreach() in /app/public/wp-content/themes/simpledesign/home.php on line 37
[31-Mar-2018 00:39:38 UTC] PHP Warning:  Invalid argument supplied for foreach() in /app/public/wp-content/themes/simpledesign/home.php on line 37
[31-Mar-2018 00:39:38 UTC] PHP Warning:  Invalid argument supplied for foreach() in /app/public/wp-content/themes/simpledesign/home.php on line 37
[31-Mar-2018 00:39:38 UTC] PHP Warning:  Invalid argument supplied for foreach() in /app/public/wp-content/themes/simpledesign/home.php on line 37
[31-Mar-2018 00:39:38 UTC] PHP Warning:  Invalid argument supplied for foreach() in /app/public/wp-content/themes/simpledesign/home.php on line 37
[31-Mar-2018 00:39:38 UTC] PHP Warning:  Invalid argument supplied for foreach() in /app/public/wp-content/themes/simpledesign/home.php on line 37
[31-Mar-2018 00:39:38 UTC] PHP Warning:  Invalid argument supplied for foreach() in /app/public/wp-content/themes/simpledesign/home.php on line 37
[31-Mar-2018 00:43:22 UTC] PHP Warning:  Invalid argument supplied for foreach() in /app/public/wp-content/themes/simpledesign/home.php on line 37
[31-Mar-2018 00:43:22 UTC] PHP Warning:  Invalid argument supplied for foreach() in /app/public/wp-content/themes/simpledesign/home.php on line 37
[31-Mar-2018 00:43:22 UTC] PHP Warning:  Invalid argument supplied for foreach() in /app/public/wp-content/themes/simpledesign/home.php on line 37
[31-Mar-2018 00:43:22 UTC] PHP Warning:  Invalid argument supplied for foreach() in /app/public/wp-content/themes/simpledesign/home.php on line 37
[31-Mar-2018 00:43:22 UTC] PHP Warning:  Invalid argument supplied for foreach() in /app/public/wp-content/themes/simpledesign/home.php on line 37
[31-Mar-2018 00:43:22 UTC] PHP Warning:  Invalid argument supplied for foreach() in /app/public/wp-content/themes/simpledesign/home.php on line 37
[31-Mar-2018 00:43:51 UTC] PHP Warning:  Invalid argument supplied for foreach() in /app/public/wp-content/themes/simpledesign/home.php on line 37
[31-Mar-2018 00:43:51 UTC] PHP Warning:  Invalid argument supplied for foreach() in /app/public/wp-content/themes/simpledesign/home.php on line 37
[31-Mar-2018 00:43:51 UTC] PHP Warning:  Invalid argument supplied for foreach() in /app/public/wp-content/themes/simpledesign/home.php on line 37
[31-Mar-2018 00:43:51 UTC] PHP Warning:  Invalid argument supplied for foreach() in /app/public/wp-content/themes/simpledesign/home.php on line 37
[31-Mar-2018 00:43:51 UTC] PHP Warning:  Invalid argument supplied for foreach() in /app/public/wp-content/themes/simpledesign/home.php on line 37
[31-Mar-2018 00:43:51 UTC] PHP Warning:  Invalid argument supplied for foreach() in /app/public/wp-content/themes/simpledesign/home.php on line 37
[31-Mar-2018 00:50:21 UTC] PHP Warning:  Invalid argument supplied for foreach() in /app/public/wp-content/themes/simpledesign/home.php on line 36
[31-Mar-2018 00:50:21 UTC] PHP Warning:  Invalid argument supplied for foreach() in /app/public/wp-content/themes/simpledesign/home.php on line 36
[31-Mar-2018 00:50:21 UTC] PHP Warning:  Invalid argument supplied for foreach() in /app/public/wp-content/themes/simpledesign/home.php on line 36
[31-Mar-2018 00:50:21 UTC] PHP Warning:  Invalid argument supplied for foreach() in /app/public/wp-content/themes/simpledesign/home.php on line 36
[31-Mar-2018 00:50:21 UTC] PHP Warning:  Invalid argument supplied for foreach() in /app/public/wp-content/themes/simpledesign/home.php on line 36
[31-Mar-2018 00:50:21 UTC] PHP Warning:  Invalid argument supplied for foreach() in /app/public/wp-content/themes/simpledesign/home.php on line 36
[31-Mar-2018 00:50:39 UTC] PHP Warning:  Invalid argument supplied for foreach() in /app/public/wp-content/themes/simpledesign/home.php on line 36
[31-Mar-2018 00:50:39 UTC] PHP Warning:  Invalid argument supplied for foreach() in /app/public/wp-content/themes/simpledesign/home.php on line 36
[31-Mar-2018 00:50:39 UTC] PHP Warning:  Invalid argument supplied for foreach() in /app/public/wp-content/themes/simpledesign/home.php on line 36
[31-Mar-2018 00:50:39 UTC] PHP Warning:  Invalid argument supplied for foreach() in /app/public/wp-content/themes/simpledesign/home.php on line 36
[31-Mar-2018 00:50:39 UTC] PHP Warning:  Invalid argument supplied for foreach() in /app/public/wp-content/themes/simpledesign/home.php on line 36
[31-Mar-2018 00:50:39 UTC] PHP Warning:  Invalid argument supplied for foreach() in /app/public/wp-content/themes/simpledesign/home.php on line 36
[31-Mar-2018 00:51:03 UTC] PHP Warning:  Invalid argument supplied for foreach() in /app/public/wp-content/themes/simpledesign/home.php on line 36
[31-Mar-2018 00:51:03 UTC] PHP Warning:  Invalid argument supplied for foreach() in /app/public/wp-content/themes/simpledesign/home.php on line 36
[31-Mar-2018 00:51:03 UTC] PHP Warning:  Invalid argument supplied for foreach() in /app/public/wp-content/themes/simpledesign/home.php on line 36
[31-Mar-2018 00:51:03 UTC] PHP Warning:  Invalid argument supplied for foreach() in /app/public/wp-content/themes/simpledesign/home.php on line 36
[31-Mar-2018 00:51:03 UTC] PHP Warning:  Invalid argument supplied for foreach() in /app/public/wp-content/themes/simpledesign/home.php on line 36
[31-Mar-2018 00:51:03 UTC] PHP Warning:  Invalid argument supplied for foreach() in /app/public/wp-content/themes/simpledesign/home.php on line 36
[31-Mar-2018 00:53:45 UTC] PHP Warning:  Invalid argument supplied for foreach() in /app/public/wp-content/themes/simpledesign/home.php on line 36
[31-Mar-2018 00:53:45 UTC] PHP Warning:  Invalid argument supplied for foreach() in /app/public/wp-content/themes/simpledesign/home.php on line 36
[31-Mar-2018 00:53:45 UTC] PHP Warning:  Invalid argument supplied for foreach() in /app/public/wp-content/themes/simpledesign/home.php on line 36
[31-Mar-2018 00:53:45 UTC] PHP Warning:  Invalid argument supplied for foreach() in /app/public/wp-content/themes/simpledesign/home.php on line 36
[31-Mar-2018 00:53:45 UTC] PHP Warning:  Invalid argument supplied for foreach() in /app/public/wp-content/themes/simpledesign/home.php on line 36
[31-Mar-2018 00:53:45 UTC] PHP Warning:  Invalid argument supplied for foreach() in /app/public/wp-content/themes/simpledesign/home.php on line 36
[31-Mar-2018 00:53:48 UTC] PHP Warning:  Invalid argument supplied for foreach() in /app/public/wp-content/themes/simpledesign/home.php on line 36
[31-Mar-2018 00:53:48 UTC] PHP Warning:  Invalid argument supplied for foreach() in /app/public/wp-content/themes/simpledesign/home.php on line 36
[31-Mar-2018 00:53:48 UTC] PHP Warning:  Invalid argument supplied for foreach() in /app/public/wp-content/themes/simpledesign/home.php on line 36
[31-Mar-2018 00:53:48 UTC] PHP Warning:  Invalid argument supplied for foreach() in /app/public/wp-content/themes/simpledesign/home.php on line 36
[31-Mar-2018 00:53:48 UTC] PHP Warning:  Invalid argument supplied for foreach() in /app/public/wp-content/themes/simpledesign/home.php on line 36
[31-Mar-2018 00:53:48 UTC] PHP Warning:  Invalid argument supplied for foreach() in /app/public/wp-content/themes/simpledesign/home.php on line 36
[31-Mar-2018 01:10:21 UTC] PHP Warning:  Invalid argument supplied for foreach() in /app/public/wp-content/themes/simpledesign/home.php on line 36
[31-Mar-2018 01:10:21 UTC] PHP Warning:  Invalid argument supplied for foreach() in /app/public/wp-content/themes/simpledesign/home.php on line 36
[31-Mar-2018 01:10:21 UTC] PHP Warning:  Invalid argument supplied for foreach() in /app/public/wp-content/themes/simpledesign/home.php on line 36
[31-Mar-2018 01:10:21 UTC] PHP Warning:  Invalid argument supplied for foreach() in /app/public/wp-content/themes/simpledesign/home.php on line 36
[31-Mar-2018 01:10:21 UTC] PHP Warning:  Invalid argument supplied for foreach() in /app/public/wp-content/themes/simpledesign/home.php on line 36
[31-Mar-2018 01:10:21 UTC] PHP Warning:  Invalid argument supplied for foreach() in /app/public/wp-content/themes/simpledesign/home.php on line 36
[31-Mar-2018 01:16:04 UTC] PHP Warning:  Invalid argument supplied for foreach() in /app/public/wp-content/themes/simpledesign/home.php on line 36
[31-Mar-2018 01:16:04 UTC] PHP Warning:  Invalid argument supplied for foreach() in /app/public/wp-content/themes/simpledesign/home.php on line 36
[31-Mar-2018 01:16:04 UTC] PHP Warning:  Invalid argument supplied for foreach() in /app/public/wp-content/themes/simpledesign/home.php on line 36
[31-Mar-2018 01:16:04 UTC] PHP Warning:  Invalid argument supplied for foreach() in /app/public/wp-content/themes/simpledesign/home.php on line 36
[31-Mar-2018 01:16:04 UTC] PHP Warning:  Invalid argument supplied for foreach() in /app/public/wp-content/themes/simpledesign/home.php on line 36
[31-Mar-2018 01:16:04 UTC] PHP Warning:  Invalid argument supplied for foreach() in /app/public/wp-content/themes/simpledesign/home.php on line 36
[31-Mar-2018 04:44:22 UTC] PHP Warning:  Invalid argument supplied for foreach() in /app/public/wp-content/themes/simpledesign/home.php on line 36
[31-Mar-2018 04:44:22 UTC] PHP Warning:  Invalid argument supplied for foreach() in /app/public/wp-content/themes/simpledesign/home.php on line 36
[31-Mar-2018 04:44:22 UTC] PHP Warning:  Invalid argument supplied for foreach() in /app/public/wp-content/themes/simpledesign/home.php on line 36
[31-Mar-2018 04:44:22 UTC] PHP Warning:  Invalid argument supplied for foreach() in /app/public/wp-content/themes/simpledesign/home.php on line 36
[31-Mar-2018 04:44:22 UTC] PHP Warning:  Invalid argument supplied for foreach() in /app/public/wp-content/themes/simpledesign/home.php on line 36
[31-Mar-2018 04:44:22 UTC] PHP Warning:  Invalid argument supplied for foreach() in /app/public/wp-content/themes/simpledesign/home.php on line 36
[05-Apr-2018 10:54:59 UTC] PHP Warning:  Invalid argument supplied for foreach() in /app/public/wp-content/themes/simpledesign/home.php on line 37
[05-Apr-2018 10:54:59 UTC] PHP Warning:  Invalid argument supplied for foreach() in /app/public/wp-content/themes/simpledesign/home.php on line 37
[05-Apr-2018 10:54:59 UTC] PHP Warning:  Invalid argument supplied for foreach() in /app/public/wp-content/themes/simpledesign/home.php on line 37
[05-Apr-2018 10:54:59 UTC] PHP Warning:  Invalid argument supplied for foreach() in /app/public/wp-content/themes/simpledesign/home.php on line 37
[05-Apr-2018 10:54:59 UTC] PHP Warning:  Invalid argument supplied for foreach() in /app/public/wp-content/themes/simpledesign/home.php on line 37
[05-Apr-2018 10:54:59 UTC] PHP Warning:  Invalid argument supplied for foreach() in /app/public/wp-content/themes/simpledesign/home.php on line 37
[05-Apr-2018 10:56:22 UTC] PHP Warning:  Invalid argument supplied for foreach() in /app/public/wp-content/themes/simpledesign/home.php on line 37
[05-Apr-2018 10:56:22 UTC] PHP Warning:  Invalid argument supplied for foreach() in /app/public/wp-content/themes/simpledesign/home.php on line 37
[05-Apr-2018 10:56:22 UTC] PHP Warning:  Invalid argument supplied for foreach() in /app/public/wp-content/themes/simpledesign/home.php on line 37
[05-Apr-2018 10:56:22 UTC] PHP Warning:  Invalid argument supplied for foreach() in /app/public/wp-content/themes/simpledesign/home.php on line 37
[05-Apr-2018 10:56:22 UTC] PHP Warning:  Invalid argument supplied for foreach() in /app/public/wp-content/themes/simpledesign/home.php on line 37
[05-Apr-2018 10:56:22 UTC] PHP Warning:  Invalid argument supplied for foreach() in /app/public/wp-content/themes/simpledesign/home.php on line 37
[05-Apr-2018 10:56:23 UTC] PHP Warning:  Invalid argument supplied for foreach() in /app/public/wp-content/themes/simpledesign/home.php on line 37
[05-Apr-2018 10:56:23 UTC] PHP Warning:  Invalid argument supplied for foreach() in /app/public/wp-content/themes/simpledesign/home.php on line 37
[05-Apr-2018 10:56:23 UTC] PHP Warning:  Invalid argument supplied for foreach() in /app/public/wp-content/themes/simpledesign/home.php on line 37
[05-Apr-2018 10:56:23 UTC] PHP Warning:  Invalid argument supplied for foreach() in /app/public/wp-content/themes/simpledesign/home.php on line 37
[05-Apr-2018 10:56:23 UTC] PHP Warning:  Invalid argument supplied for foreach() in /app/public/wp-content/themes/simpledesign/home.php on line 37
[05-Apr-2018 10:56:23 UTC] PHP Warning:  Invalid argument supplied for foreach() in /app/public/wp-content/themes/simpledesign/home.php on line 37
[05-Apr-2018 11:20:18 UTC] PHP Parse error:  syntax error, unexpected 'endforeach' (T_ENDFOREACH), expecting end of file in /app/public/wp-content/themes/simpledesign/home.php on line 44
[05-Apr-2018 11:24:10 UTC] PHP Parse error:  syntax error, unexpected '<', expecting end of file in /app/public/wp-content/themes/simpledesign/home.php on line 25
[05-Apr-2018 11:25:13 UTC] PHP Parse error:  syntax error, unexpected 'foreach' (T_FOREACH), expecting ',' or ';' in /app/public/wp-content/themes/simpledesign/home.php on line 26
[05-Apr-2018 11:25:56 UTC] PHP Parse error:  syntax error, unexpected ';', expecting ',' or ')' in /app/public/wp-content/themes/simpledesign/home.php on line 25
[05-Apr-2018 11:30:25 UTC] PHP Parse error:  syntax error, unexpected '=>' (T_DOUBLE_ARROW), expecting ',' or ')' in /app/public/wp-content/themes/simpledesign/home.php on line 24
[05-Apr-2018 11:30:54 UTC] PHP Parse error:  syntax error, unexpected '=>' (T_DOUBLE_ARROW), expecting ',' or ')' in /app/public/wp-content/themes/simpledesign/home.php on line 24
[05-Apr-2018 11:32:52 UTC] PHP Parse error:  syntax error, unexpected '=>' (T_DOUBLE_ARROW), expecting ',' or ')' in /app/public/wp-content/themes/simpledesign/home.php on line 24
[05-Apr-2018 11:34:03 UTC] PHP Parse error:  syntax error, unexpected '[', expecting '(' in /app/public/wp-content/themes/simpledesign/home.php on line 24
[05-Apr-2018 11:34:47 UTC] PHP Parse error:  syntax error, unexpected ';', expecting ',' or ')' in /app/public/wp-content/themes/simpledesign/home.php on line 24
