[28-Mar-2018 11:05:05] NOTICE: fpm is running, pid 14
[28-Mar-2018 11:05:05] NOTICE: ready to handle connections
[29-Mar-2018 10:56:03] NOTICE: fpm is running, pid 8
[29-Mar-2018 10:56:03] NOTICE: ready to handle connections
[29-Mar-2018 12:56:09] NOTICE: Terminating ...
[29-Mar-2018 12:56:09] NOTICE: exiting, bye-bye!
[30-Mar-2018 16:23:07] NOTICE: fpm is running, pid 25
[30-Mar-2018 16:23:07] NOTICE: ready to handle connections
[30-Mar-2018 16:27:11] NOTICE: Terminating ...
[30-Mar-2018 16:27:11] NOTICE: exiting, bye-bye!
[31-Mar-2018 00:04:20] NOTICE: fpm is running, pid 25
[31-Mar-2018 00:04:20] NOTICE: ready to handle connections
[31-Mar-2018 01:17:09] NOTICE: Terminating ...
[31-Mar-2018 01:17:09] NOTICE: exiting, bye-bye!
[31-Mar-2018 04:44:00] NOTICE: fpm is running, pid 26
[31-Mar-2018 04:44:00] NOTICE: ready to handle connections
[31-Mar-2018 05:15:57] NOTICE: Terminating ...
[31-Mar-2018 05:15:57] NOTICE: exiting, bye-bye!
[31-Mar-2018 08:53:07] NOTICE: fpm is running, pid 25
[31-Mar-2018 08:53:07] NOTICE: ready to handle connections
[03-Apr-2018 11:19:25] NOTICE: fpm is running, pid 8
[03-Apr-2018 11:19:25] NOTICE: ready to handle connections
[03-Apr-2018 11:19:56] NOTICE: Terminating ...
[03-Apr-2018 11:19:56] NOTICE: exiting, bye-bye!
[03-Apr-2018 12:43:13] NOTICE: fpm is running, pid 29
[03-Apr-2018 12:43:13] NOTICE: ready to handle connections
[03-Apr-2018 12:43:16] NOTICE: Terminating ...
[03-Apr-2018 12:43:16] NOTICE: exiting, bye-bye!
[05-Apr-2018 10:54:13] NOTICE: fpm is running, pid 8
[05-Apr-2018 10:54:13] NOTICE: ready to handle connections
[05-Apr-2018 12:54:23] NOTICE: Terminating ...
[05-Apr-2018 12:54:23] NOTICE: exiting, bye-bye!
