2018-03-28 11:05:05 25 [Warning] Using unique option prefix myisam-recover instead of myisam-recover-options is deprecated and will be removed in a future release. Please use the full name instead.
2018-03-28 11:05:05 25 [Note] Plugin 'FEDERATED' is disabled.
2018-03-28 11:05:05 25 [Note] InnoDB: Using atomics to ref count buffer pool pages
2018-03-28 11:05:05 25 [Note] InnoDB: The InnoDB memory heap is disabled
2018-03-28 11:05:05 25 [Note] InnoDB: Mutexes and rw_locks use GCC atomic builtins
2018-03-28 11:05:05 25 [Note] InnoDB: Memory barrier is not used
2018-03-28 11:05:05 25 [Note] InnoDB: Compressed tables use zlib 1.2.3
2018-03-28 11:05:05 25 [Note] InnoDB: Using Linux native AIO
2018-03-28 11:05:05 25 [Note] InnoDB: Using CPU crc32 instructions
2018-03-28 11:05:05 25 [Note] InnoDB: Initializing buffer pool, size = 32.0M
2018-03-28 11:05:05 25 [Note] InnoDB: Completed initialization of buffer pool
2018-03-28 11:05:05 25 [Note] InnoDB: Highest supported file format is Barracuda.
2018-03-28 11:05:05 25 [Note] InnoDB: The log sequence numbers 1625987 and 1625987 in ibdata files do not match the log sequence number 1625997 in the ib_logfiles!
2018-03-28 11:05:05 25 [Note] InnoDB: Database was not shutdown normally!
2018-03-28 11:05:05 25 [Note] InnoDB: Starting crash recovery.
2018-03-28 11:05:05 25 [Note] InnoDB: Reading tablespace information from the .ibd files...
2018-03-28 11:05:05 25 [Note] InnoDB: Restoring possible half-written data pages 
2018-03-28 11:05:05 25 [Note] InnoDB: from the doublewrite buffer...
2018-03-28 11:05:06 25 [Note] InnoDB: 128 rollback segment(s) are active.
2018-03-28 11:05:06 25 [Note] InnoDB: Waiting for purge to start
2018-03-28 11:05:06 25 [Note] InnoDB: 5.6.37 started; log sequence number 1625997
2018-03-28 11:05:06 25 [Note] Server hostname (bind-address): '*'; port: 3306
2018-03-28 11:05:06 25 [Note] IPv6 is available.
2018-03-28 11:05:06 25 [Note]   - '::' resolves to '::';
2018-03-28 11:05:06 25 [Note] Server socket created on IP: '::'.
2018-03-28 11:05:06 25 [ERROR] /usr/sbin/mysqld: Table './mysql/user' is marked as crashed and should be repaired
2018-03-28 11:05:06 25 [Warning] Checking table:   './mysql/user'
2018-03-28 11:05:06 25 [ERROR] 1 client is using or hasn't closed the table properly
2018-03-28 11:05:06 25 [Warning] 'user' entry 'root@e24d0b5cccc1' ignored in --skip-name-resolve mode.
2018-03-28 11:05:06 25 [Warning] 'user' entry '@e24d0b5cccc1' ignored in --skip-name-resolve mode.
2018-03-28 11:05:06 25 [Warning] 'proxies_priv' entry '@ root@e24d0b5cccc1' ignored in --skip-name-resolve mode.
2018-03-28 11:05:06 25 [Note] Event Scheduler: Loaded 0 events
2018-03-28 11:05:06 25 [Note] /usr/sbin/mysqld: ready for connections.
Version: '5.6.37'  socket: '/var/run/mysqld/mysqld.sock'  port: 3306  MySQL Community Server (GPL)
2018-03-29 10:56:02 19 [Warning] Using unique option prefix myisam-recover instead of myisam-recover-options is deprecated and will be removed in a future release. Please use the full name instead.
2018-03-29 10:56:02 19 [Note] Plugin 'FEDERATED' is disabled.
2018-03-29 10:56:03 19 [Note] InnoDB: Using atomics to ref count buffer pool pages
2018-03-29 10:56:03 19 [Note] InnoDB: The InnoDB memory heap is disabled
2018-03-29 10:56:03 19 [Note] InnoDB: Mutexes and rw_locks use GCC atomic builtins
2018-03-29 10:56:03 19 [Note] InnoDB: Memory barrier is not used
2018-03-29 10:56:03 19 [Note] InnoDB: Compressed tables use zlib 1.2.3
2018-03-29 10:56:03 19 [Note] InnoDB: Using Linux native AIO
2018-03-29 10:56:03 19 [Note] InnoDB: Using CPU crc32 instructions
2018-03-29 10:56:03 19 [Note] InnoDB: Initializing buffer pool, size = 32.0M
2018-03-29 10:56:03 19 [Note] InnoDB: Completed initialization of buffer pool
2018-03-29 10:56:03 19 [Note] InnoDB: Highest supported file format is Barracuda.
2018-03-29 10:56:03 19 [Note] InnoDB: The log sequence numbers 1625987 and 1625987 in ibdata files do not match the log sequence number 3037723 in the ib_logfiles!
2018-03-29 10:56:03 19 [Note] InnoDB: Database was not shutdown normally!
2018-03-29 10:56:03 19 [Note] InnoDB: Starting crash recovery.
2018-03-29 10:56:03 19 [Note] InnoDB: Reading tablespace information from the .ibd files...
2018-03-29 10:56:03 19 [Note] InnoDB: Restoring possible half-written data pages 
2018-03-29 10:56:03 19 [Note] InnoDB: from the doublewrite buffer...
2018-03-29 10:56:03 19 [Note] InnoDB: 128 rollback segment(s) are active.
2018-03-29 10:56:03 19 [Note] InnoDB: Waiting for purge to start
2018-03-29 10:56:03 19 [Note] InnoDB: 5.6.37 started; log sequence number 3037723
2018-03-29 10:56:03 19 [Note] Server hostname (bind-address): '*'; port: 3306
2018-03-29 10:56:03 19 [Note] IPv6 is available.
2018-03-29 10:56:03 19 [Note]   - '::' resolves to '::';
2018-03-29 10:56:03 19 [Note] Server socket created on IP: '::'.
2018-03-29 10:56:03 19 [Warning] 'user' entry 'root@e24d0b5cccc1' ignored in --skip-name-resolve mode.
2018-03-29 10:56:03 19 [Warning] 'user' entry '@e24d0b5cccc1' ignored in --skip-name-resolve mode.
2018-03-29 10:56:03 19 [Warning] 'proxies_priv' entry '@ root@e24d0b5cccc1' ignored in --skip-name-resolve mode.
2018-03-29 10:56:03 19 [Note] Event Scheduler: Loaded 0 events
2018-03-29 10:56:03 19 [Note] /usr/sbin/mysqld: ready for connections.
Version: '5.6.37'  socket: '/var/run/mysqld/mysqld.sock'  port: 3306  MySQL Community Server (GPL)
2018-03-29 12:56:08 19 [Note] /usr/sbin/mysqld: Normal shutdown

2018-03-29 12:56:08 19 [Note] Giving 0 client threads a chance to die gracefully
2018-03-29 12:56:08 19 [Note] Event Scheduler: Purging the queue. 0 events
2018-03-29 12:56:08 19 [Note] Shutting down slave threads
2018-03-29 12:56:08 19 [Note] Forcefully disconnecting 0 remaining clients
2018-03-29 12:56:08 19 [Note] Binlog end
2018-03-29 12:56:08 19 [Note] Shutting down plugin 'partition'
2018-03-29 12:56:08 19 [Note] Shutting down plugin 'INNODB_SYS_DATAFILES'
2018-03-29 12:56:08 19 [Note] Shutting down plugin 'INNODB_SYS_TABLESPACES'
2018-03-29 12:56:08 19 [Note] Shutting down plugin 'INNODB_SYS_FOREIGN_COLS'
2018-03-29 12:56:08 19 [Note] Shutting down plugin 'INNODB_SYS_FOREIGN'
2018-03-29 12:56:08 19 [Note] Shutting down plugin 'INNODB_SYS_FIELDS'
2018-03-29 12:56:08 19 [Note] Shutting down plugin 'INNODB_SYS_COLUMNS'
2018-03-29 12:56:08 19 [Note] Shutting down plugin 'INNODB_SYS_INDEXES'
2018-03-29 12:56:08 19 [Note] Shutting down plugin 'INNODB_SYS_TABLESTATS'
2018-03-29 12:56:08 19 [Note] Shutting down plugin 'INNODB_SYS_TABLES'
2018-03-29 12:56:08 19 [Note] Shutting down plugin 'INNODB_FT_INDEX_TABLE'
2018-03-29 12:56:08 19 [Note] Shutting down plugin 'INNODB_FT_INDEX_CACHE'
2018-03-29 12:56:08 19 [Note] Shutting down plugin 'INNODB_FT_CONFIG'
2018-03-29 12:56:08 19 [Note] Shutting down plugin 'INNODB_FT_BEING_DELETED'
2018-03-29 12:56:08 19 [Note] Shutting down plugin 'INNODB_FT_DELETED'
2018-03-29 12:56:08 19 [Note] Shutting down plugin 'INNODB_FT_DEFAULT_STOPWORD'
2018-03-29 12:56:08 19 [Note] Shutting down plugin 'INNODB_METRICS'
2018-03-29 12:56:08 19 [Note] Shutting down plugin 'INNODB_BUFFER_POOL_STATS'
2018-03-29 12:56:08 19 [Note] Shutting down plugin 'INNODB_BUFFER_PAGE_LRU'
2018-03-29 12:56:08 19 [Note] Shutting down plugin 'INNODB_BUFFER_PAGE'
2018-03-29 12:56:08 19 [Note] Shutting down plugin 'INNODB_CMP_PER_INDEX_RESET'
2018-03-29 12:56:08 19 [Note] Shutting down plugin 'INNODB_CMP_PER_INDEX'
2018-03-29 12:56:08 19 [Note] Shutting down plugin 'INNODB_CMPMEM_RESET'
2018-03-29 12:56:08 19 [Note] Shutting down plugin 'INNODB_CMPMEM'
2018-03-29 12:56:08 19 [Note] Shutting down plugin 'INNODB_CMP_RESET'
2018-03-29 12:56:08 19 [Note] Shutting down plugin 'INNODB_CMP'
2018-03-29 12:56:08 19 [Note] Shutting down plugin 'INNODB_LOCK_WAITS'
2018-03-29 12:56:08 19 [Note] Shutting down plugin 'INNODB_LOCKS'
2018-03-29 12:56:08 19 [Note] Shutting down plugin 'INNODB_TRX'
2018-03-29 12:56:08 19 [Note] Shutting down plugin 'InnoDB'
2018-03-29 12:56:08 19 [Note] InnoDB: FTS optimize thread exiting.
2018-03-29 12:56:08 19 [Note] InnoDB: Starting shutdown...
2018-03-29 12:56:10 19 [Note] InnoDB: Shutdown completed; log sequence number 3543448
2018-03-29 12:56:10 19 [Note] Shutting down plugin 'BLACKHOLE'
2018-03-29 12:56:10 19 [Note] Shutting down plugin 'ARCHIVE'
2018-03-29 12:56:10 19 [Note] Shutting down plugin 'PERFORMANCE_SCHEMA'
2018-03-29 12:56:10 19 [Note] Shutting down plugin 'MEMORY'
2018-03-29 12:56:10 19 [Note] Shutting down plugin 'MyISAM'
2018-03-29 12:56:10 19 [Note] Shutting down plugin 'MRG_MYISAM'
2018-03-29 12:56:10 19 [Note] Shutting down plugin 'CSV'
2018-03-29 12:56:10 19 [Note] Shutting down plugin 'sha256_password'
2018-03-29 12:56:10 19 [Note] Shutting down plugin 'mysql_old_password'
2018-03-29 12:56:10 19 [Note] Shutting down plugin 'mysql_native_password'
2018-03-29 12:56:10 19 [Note] Shutting down plugin 'binlog'
2018-03-29 12:56:10 19 [Note] /usr/sbin/mysqld: Shutdown complete

2018-03-30 16:23:07 38 [Warning] Using unique option prefix myisam-recover instead of myisam-recover-options is deprecated and will be removed in a future release. Please use the full name instead.
2018-03-30 16:23:07 38 [Note] Plugin 'FEDERATED' is disabled.
2018-03-30 16:23:07 38 [Note] InnoDB: Using atomics to ref count buffer pool pages
2018-03-30 16:23:07 38 [Note] InnoDB: The InnoDB memory heap is disabled
2018-03-30 16:23:07 38 [Note] InnoDB: Mutexes and rw_locks use GCC atomic builtins
2018-03-30 16:23:07 38 [Note] InnoDB: Memory barrier is not used
2018-03-30 16:23:07 38 [Note] InnoDB: Compressed tables use zlib 1.2.3
2018-03-30 16:23:07 38 [Note] InnoDB: Using Linux native AIO
2018-03-30 16:23:07 38 [Note] InnoDB: Using CPU crc32 instructions
2018-03-30 16:23:07 38 [Note] InnoDB: Initializing buffer pool, size = 32.0M
2018-03-30 16:23:07 38 [Note] InnoDB: Completed initialization of buffer pool
2018-03-30 16:23:08 38 [Note] InnoDB: Highest supported file format is Barracuda.
2018-03-30 16:23:08 38 [Note] InnoDB: 128 rollback segment(s) are active.
2018-03-30 16:23:08 38 [Note] InnoDB: Waiting for purge to start
2018-03-30 16:23:08 38 [Note] InnoDB: 5.6.37 started; log sequence number 3543448
2018-03-30 16:23:08 38 [Note] Server hostname (bind-address): '*'; port: 3306
2018-03-30 16:23:08 38 [Note] IPv6 is available.
2018-03-30 16:23:08 38 [Note]   - '::' resolves to '::';
2018-03-30 16:23:08 38 [Note] Server socket created on IP: '::'.
2018-03-30 16:23:08 38 [Warning] 'user' entry 'root@e24d0b5cccc1' ignored in --skip-name-resolve mode.
2018-03-30 16:23:08 38 [Warning] 'user' entry '@e24d0b5cccc1' ignored in --skip-name-resolve mode.
2018-03-30 16:23:08 38 [Warning] 'proxies_priv' entry '@ root@e24d0b5cccc1' ignored in --skip-name-resolve mode.
2018-03-30 16:23:08 38 [Note] Event Scheduler: Loaded 0 events
2018-03-30 16:23:08 38 [Note] /usr/sbin/mysqld: ready for connections.
Version: '5.6.37'  socket: '/var/run/mysqld/mysqld.sock'  port: 3306  MySQL Community Server (GPL)
2018-03-30 16:27:10 38 [Note] /usr/sbin/mysqld: Normal shutdown

2018-03-30 16:27:10 38 [Note] Giving 0 client threads a chance to die gracefully
2018-03-30 16:27:10 38 [Note] Event Scheduler: Purging the queue. 0 events
2018-03-30 16:27:10 38 [Note] Shutting down slave threads
2018-03-30 16:27:10 38 [Note] Forcefully disconnecting 0 remaining clients
2018-03-30 16:27:10 38 [Note] Binlog end
2018-03-30 16:27:10 38 [Note] Shutting down plugin 'partition'
2018-03-30 16:27:10 38 [Note] Shutting down plugin 'INNODB_SYS_DATAFILES'
2018-03-30 16:27:10 38 [Note] Shutting down plugin 'INNODB_SYS_TABLESPACES'
2018-03-30 16:27:10 38 [Note] Shutting down plugin 'INNODB_SYS_FOREIGN_COLS'
2018-03-30 16:27:10 38 [Note] Shutting down plugin 'INNODB_SYS_FOREIGN'
2018-03-30 16:27:10 38 [Note] Shutting down plugin 'INNODB_SYS_FIELDS'
2018-03-30 16:27:10 38 [Note] Shutting down plugin 'INNODB_SYS_COLUMNS'
2018-03-30 16:27:10 38 [Note] Shutting down plugin 'INNODB_SYS_INDEXES'
2018-03-30 16:27:10 38 [Note] Shutting down plugin 'INNODB_SYS_TABLESTATS'
2018-03-30 16:27:10 38 [Note] Shutting down plugin 'INNODB_SYS_TABLES'
2018-03-30 16:27:10 38 [Note] Shutting down plugin 'INNODB_FT_INDEX_TABLE'
2018-03-30 16:27:10 38 [Note] Shutting down plugin 'INNODB_FT_INDEX_CACHE'
2018-03-30 16:27:10 38 [Note] Shutting down plugin 'INNODB_FT_CONFIG'
2018-03-30 16:27:10 38 [Note] Shutting down plugin 'INNODB_FT_BEING_DELETED'
2018-03-30 16:27:10 38 [Note] Shutting down plugin 'INNODB_FT_DELETED'
2018-03-30 16:27:10 38 [Note] Shutting down plugin 'INNODB_FT_DEFAULT_STOPWORD'
2018-03-30 16:27:10 38 [Note] Shutting down plugin 'INNODB_METRICS'
2018-03-30 16:27:10 38 [Note] Shutting down plugin 'INNODB_BUFFER_POOL_STATS'
2018-03-30 16:27:10 38 [Note] Shutting down plugin 'INNODB_BUFFER_PAGE_LRU'
2018-03-30 16:27:10 38 [Note] Shutting down plugin 'INNODB_BUFFER_PAGE'
2018-03-30 16:27:10 38 [Note] Shutting down plugin 'INNODB_CMP_PER_INDEX_RESET'
2018-03-30 16:27:10 38 [Note] Shutting down plugin 'INNODB_CMP_PER_INDEX'
2018-03-30 16:27:10 38 [Note] Shutting down plugin 'INNODB_CMPMEM_RESET'
2018-03-30 16:27:10 38 [Note] Shutting down plugin 'INNODB_CMPMEM'
2018-03-30 16:27:10 38 [Note] Shutting down plugin 'INNODB_CMP_RESET'
2018-03-30 16:27:10 38 [Note] Shutting down plugin 'INNODB_CMP'
2018-03-30 16:27:10 38 [Note] Shutting down plugin 'INNODB_LOCK_WAITS'
2018-03-30 16:27:10 38 [Note] Shutting down plugin 'INNODB_LOCKS'
2018-03-30 16:27:10 38 [Note] Shutting down plugin 'INNODB_TRX'
2018-03-30 16:27:10 38 [Note] Shutting down plugin 'InnoDB'
2018-03-30 16:27:10 38 [Note] InnoDB: FTS optimize thread exiting.
2018-03-30 16:27:10 38 [Note] InnoDB: Starting shutdown...
2018-03-30 16:27:11 38 [Note] InnoDB: Shutdown completed; log sequence number 3589294
2018-03-30 16:27:11 38 [Note] Shutting down plugin 'BLACKHOLE'
2018-03-30 16:27:11 38 [Note] Shutting down plugin 'ARCHIVE'
2018-03-30 16:27:11 38 [Note] Shutting down plugin 'PERFORMANCE_SCHEMA'
2018-03-30 16:27:11 38 [Note] Shutting down plugin 'MEMORY'
2018-03-30 16:27:11 38 [Note] Shutting down plugin 'MyISAM'
2018-03-30 16:27:11 38 [Note] Shutting down plugin 'MRG_MYISAM'
2018-03-30 16:27:11 38 [Note] Shutting down plugin 'CSV'
2018-03-30 16:27:11 38 [Note] Shutting down plugin 'sha256_password'
2018-03-30 16:27:11 38 [Note] Shutting down plugin 'mysql_old_password'
2018-03-30 16:27:11 38 [Note] Shutting down plugin 'mysql_native_password'
2018-03-30 16:27:11 38 [Note] Shutting down plugin 'binlog'
2018-03-30 16:27:11 38 [Note] /usr/sbin/mysqld: Shutdown complete

2018-03-31 00:04:20 38 [Warning] Using unique option prefix myisam-recover instead of myisam-recover-options is deprecated and will be removed in a future release. Please use the full name instead.
2018-03-31 00:04:20 38 [Note] Plugin 'FEDERATED' is disabled.
2018-03-31 00:04:20 38 [Note] InnoDB: Using atomics to ref count buffer pool pages
2018-03-31 00:04:20 38 [Note] InnoDB: The InnoDB memory heap is disabled
2018-03-31 00:04:20 38 [Note] InnoDB: Mutexes and rw_locks use GCC atomic builtins
2018-03-31 00:04:20 38 [Note] InnoDB: Memory barrier is not used
2018-03-31 00:04:20 38 [Note] InnoDB: Compressed tables use zlib 1.2.3
2018-03-31 00:04:20 38 [Note] InnoDB: Using Linux native AIO
2018-03-31 00:04:20 38 [Note] InnoDB: Using CPU crc32 instructions
2018-03-31 00:04:20 38 [Note] InnoDB: Initializing buffer pool, size = 32.0M
2018-03-31 00:04:20 38 [Note] InnoDB: Completed initialization of buffer pool
2018-03-31 00:04:20 38 [Note] InnoDB: Highest supported file format is Barracuda.
2018-03-31 00:04:20 38 [Note] InnoDB: 128 rollback segment(s) are active.
2018-03-31 00:04:20 38 [Note] InnoDB: Waiting for purge to start
2018-03-31 00:04:20 38 [Note] InnoDB: 5.6.37 started; log sequence number 3589294
2018-03-31 00:04:20 38 [Note] Server hostname (bind-address): '*'; port: 3306
2018-03-31 00:04:20 38 [Note] IPv6 is available.
2018-03-31 00:04:20 38 [Note]   - '::' resolves to '::';
2018-03-31 00:04:20 38 [Note] Server socket created on IP: '::'.
2018-03-31 00:04:20 38 [Warning] 'user' entry 'root@e24d0b5cccc1' ignored in --skip-name-resolve mode.
2018-03-31 00:04:20 38 [Warning] 'user' entry '@e24d0b5cccc1' ignored in --skip-name-resolve mode.
2018-03-31 00:04:20 38 [Warning] 'proxies_priv' entry '@ root@e24d0b5cccc1' ignored in --skip-name-resolve mode.
2018-03-31 00:04:21 38 [Note] Event Scheduler: Loaded 0 events
2018-03-31 00:04:21 38 [Note] /usr/sbin/mysqld: ready for connections.
Version: '5.6.37'  socket: '/var/run/mysqld/mysqld.sock'  port: 3306  MySQL Community Server (GPL)
2018-03-31 01:17:08 38 [Note] /usr/sbin/mysqld: Normal shutdown

2018-03-31 01:17:08 38 [Note] Giving 0 client threads a chance to die gracefully
2018-03-31 01:17:08 38 [Note] Event Scheduler: Purging the queue. 0 events
2018-03-31 01:17:08 38 [Note] Shutting down slave threads
2018-03-31 01:17:08 38 [Note] Forcefully disconnecting 0 remaining clients
2018-03-31 01:17:08 38 [Note] Binlog end
2018-03-31 01:17:08 38 [Note] Shutting down plugin 'partition'
2018-03-31 01:17:08 38 [Note] Shutting down plugin 'INNODB_SYS_DATAFILES'
2018-03-31 01:17:08 38 [Note] Shutting down plugin 'INNODB_SYS_TABLESPACES'
2018-03-31 01:17:08 38 [Note] Shutting down plugin 'INNODB_SYS_FOREIGN_COLS'
2018-03-31 01:17:08 38 [Note] Shutting down plugin 'INNODB_SYS_FOREIGN'
2018-03-31 01:17:08 38 [Note] Shutting down plugin 'INNODB_SYS_FIELDS'
2018-03-31 01:17:08 38 [Note] Shutting down plugin 'INNODB_SYS_COLUMNS'
2018-03-31 01:17:08 38 [Note] Shutting down plugin 'INNODB_SYS_INDEXES'
2018-03-31 01:17:08 38 [Note] Shutting down plugin 'INNODB_SYS_TABLESTATS'
2018-03-31 01:17:08 38 [Note] Shutting down plugin 'INNODB_SYS_TABLES'
2018-03-31 01:17:08 38 [Note] Shutting down plugin 'INNODB_FT_INDEX_TABLE'
2018-03-31 01:17:08 38 [Note] Shutting down plugin 'INNODB_FT_INDEX_CACHE'
2018-03-31 01:17:08 38 [Note] Shutting down plugin 'INNODB_FT_CONFIG'
2018-03-31 01:17:08 38 [Note] Shutting down plugin 'INNODB_FT_BEING_DELETED'
2018-03-31 01:17:08 38 [Note] Shutting down plugin 'INNODB_FT_DELETED'
2018-03-31 01:17:08 38 [Note] Shutting down plugin 'INNODB_FT_DEFAULT_STOPWORD'
2018-03-31 01:17:08 38 [Note] Shutting down plugin 'INNODB_METRICS'
2018-03-31 01:17:08 38 [Note] Shutting down plugin 'INNODB_BUFFER_POOL_STATS'
2018-03-31 01:17:08 38 [Note] Shutting down plugin 'INNODB_BUFFER_PAGE_LRU'
2018-03-31 01:17:08 38 [Note] Shutting down plugin 'INNODB_BUFFER_PAGE'
2018-03-31 01:17:08 38 [Note] Shutting down plugin 'INNODB_CMP_PER_INDEX_RESET'
2018-03-31 01:17:08 38 [Note] Shutting down plugin 'INNODB_CMP_PER_INDEX'
2018-03-31 01:17:08 38 [Note] Shutting down plugin 'INNODB_CMPMEM_RESET'
2018-03-31 01:17:08 38 [Note] Shutting down plugin 'INNODB_CMPMEM'
2018-03-31 01:17:08 38 [Note] Shutting down plugin 'INNODB_CMP_RESET'
2018-03-31 01:17:08 38 [Note] Shutting down plugin 'INNODB_CMP'
2018-03-31 01:17:08 38 [Note] Shutting down plugin 'INNODB_LOCK_WAITS'
2018-03-31 01:17:08 38 [Note] Shutting down plugin 'INNODB_LOCKS'
2018-03-31 01:17:08 38 [Note] Shutting down plugin 'INNODB_TRX'
2018-03-31 01:17:08 38 [Note] Shutting down plugin 'InnoDB'
2018-03-31 01:17:08 38 [Note] InnoDB: FTS optimize thread exiting.
2018-03-31 01:17:08 38 [Note] InnoDB: Starting shutdown...
2018-03-31 01:17:09 38 [Note] InnoDB: Shutdown completed; log sequence number 3682443
2018-03-31 01:17:09 38 [Note] Shutting down plugin 'BLACKHOLE'
2018-03-31 01:17:09 38 [Note] Shutting down plugin 'ARCHIVE'
2018-03-31 01:17:09 38 [Note] Shutting down plugin 'PERFORMANCE_SCHEMA'
2018-03-31 01:17:09 38 [Note] Shutting down plugin 'MEMORY'
2018-03-31 01:17:09 38 [Note] Shutting down plugin 'MyISAM'
2018-03-31 01:17:09 38 [Note] Shutting down plugin 'MRG_MYISAM'
2018-03-31 01:17:09 38 [Note] Shutting down plugin 'CSV'
2018-03-31 01:17:09 38 [Note] Shutting down plugin 'sha256_password'
2018-03-31 01:17:09 38 [Note] Shutting down plugin 'mysql_old_password'
2018-03-31 01:17:09 38 [Note] Shutting down plugin 'mysql_native_password'
2018-03-31 01:17:09 38 [Note] Shutting down plugin 'binlog'
2018-03-31 01:17:09 38 [Note] /usr/sbin/mysqld: Shutdown complete

2018-03-31 04:44:01 39 [Warning] Using unique option prefix myisam-recover instead of myisam-recover-options is deprecated and will be removed in a future release. Please use the full name instead.
2018-03-31 04:44:01 39 [Note] Plugin 'FEDERATED' is disabled.
2018-03-31 04:44:01 39 [Note] InnoDB: Using atomics to ref count buffer pool pages
2018-03-31 04:44:01 39 [Note] InnoDB: The InnoDB memory heap is disabled
2018-03-31 04:44:01 39 [Note] InnoDB: Mutexes and rw_locks use GCC atomic builtins
2018-03-31 04:44:01 39 [Note] InnoDB: Memory barrier is not used
2018-03-31 04:44:01 39 [Note] InnoDB: Compressed tables use zlib 1.2.3
2018-03-31 04:44:01 39 [Note] InnoDB: Using Linux native AIO
2018-03-31 04:44:01 39 [Note] InnoDB: Using CPU crc32 instructions
2018-03-31 04:44:01 39 [Note] InnoDB: Initializing buffer pool, size = 32.0M
2018-03-31 04:44:01 39 [Note] InnoDB: Completed initialization of buffer pool
2018-03-31 04:44:01 39 [Note] InnoDB: Highest supported file format is Barracuda.
2018-03-31 04:44:01 39 [Note] InnoDB: 128 rollback segment(s) are active.
2018-03-31 04:44:01 39 [Note] InnoDB: Waiting for purge to start
2018-03-31 04:44:01 39 [Note] InnoDB: 5.6.37 started; log sequence number 3682443
2018-03-31 04:44:01 39 [Note] Server hostname (bind-address): '*'; port: 3306
2018-03-31 04:44:01 39 [Note] IPv6 is available.
2018-03-31 04:44:01 39 [Note]   - '::' resolves to '::';
2018-03-31 04:44:01 39 [Note] Server socket created on IP: '::'.
2018-03-31 04:44:01 39 [Warning] 'user' entry 'root@e24d0b5cccc1' ignored in --skip-name-resolve mode.
2018-03-31 04:44:01 39 [Warning] 'user' entry '@e24d0b5cccc1' ignored in --skip-name-resolve mode.
2018-03-31 04:44:01 39 [Warning] 'proxies_priv' entry '@ root@e24d0b5cccc1' ignored in --skip-name-resolve mode.
2018-03-31 04:44:01 39 [Note] Event Scheduler: Loaded 0 events
2018-03-31 04:44:01 39 [Note] /usr/sbin/mysqld: ready for connections.
Version: '5.6.37'  socket: '/var/run/mysqld/mysqld.sock'  port: 3306  MySQL Community Server (GPL)
2018-03-31 05:15:56 39 [Note] /usr/sbin/mysqld: Normal shutdown

2018-03-31 05:15:56 39 [Note] Giving 0 client threads a chance to die gracefully
2018-03-31 05:15:56 39 [Note] Event Scheduler: Purging the queue. 0 events
2018-03-31 05:15:56 39 [Note] Shutting down slave threads
2018-03-31 05:15:56 39 [Note] Forcefully disconnecting 0 remaining clients
2018-03-31 05:15:56 39 [Note] Binlog end
2018-03-31 05:15:56 39 [Note] Shutting down plugin 'partition'
2018-03-31 05:15:56 39 [Note] Shutting down plugin 'INNODB_SYS_DATAFILES'
2018-03-31 05:15:56 39 [Note] Shutting down plugin 'INNODB_SYS_TABLESPACES'
2018-03-31 05:15:56 39 [Note] Shutting down plugin 'INNODB_SYS_FOREIGN_COLS'
2018-03-31 05:15:56 39 [Note] Shutting down plugin 'INNODB_SYS_FOREIGN'
2018-03-31 05:15:56 39 [Note] Shutting down plugin 'INNODB_SYS_FIELDS'
2018-03-31 05:15:56 39 [Note] Shutting down plugin 'INNODB_SYS_COLUMNS'
2018-03-31 05:15:56 39 [Note] Shutting down plugin 'INNODB_SYS_INDEXES'
2018-03-31 05:15:56 39 [Note] Shutting down plugin 'INNODB_SYS_TABLESTATS'
2018-03-31 05:15:56 39 [Note] Shutting down plugin 'INNODB_SYS_TABLES'
2018-03-31 05:15:56 39 [Note] Shutting down plugin 'INNODB_FT_INDEX_TABLE'
2018-03-31 05:15:56 39 [Note] Shutting down plugin 'INNODB_FT_INDEX_CACHE'
2018-03-31 05:15:56 39 [Note] Shutting down plugin 'INNODB_FT_CONFIG'
2018-03-31 05:15:56 39 [Note] Shutting down plugin 'INNODB_FT_BEING_DELETED'
2018-03-31 05:15:56 39 [Note] Shutting down plugin 'INNODB_FT_DELETED'
2018-03-31 05:15:56 39 [Note] Shutting down plugin 'INNODB_FT_DEFAULT_STOPWORD'
2018-03-31 05:15:56 39 [Note] Shutting down plugin 'INNODB_METRICS'
2018-03-31 05:15:56 39 [Note] Shutting down plugin 'INNODB_BUFFER_POOL_STATS'
2018-03-31 05:15:56 39 [Note] Shutting down plugin 'INNODB_BUFFER_PAGE_LRU'
2018-03-31 05:15:56 39 [Note] Shutting down plugin 'INNODB_BUFFER_PAGE'
2018-03-31 05:15:56 39 [Note] Shutting down plugin 'INNODB_CMP_PER_INDEX_RESET'
2018-03-31 05:15:56 39 [Note] Shutting down plugin 'INNODB_CMP_PER_INDEX'
2018-03-31 05:15:56 39 [Note] Shutting down plugin 'INNODB_CMPMEM_RESET'
2018-03-31 05:15:56 39 [Note] Shutting down plugin 'INNODB_CMPMEM'
2018-03-31 05:15:56 39 [Note] Shutting down plugin 'INNODB_CMP_RESET'
2018-03-31 05:15:56 39 [Note] Shutting down plugin 'INNODB_CMP'
2018-03-31 05:15:56 39 [Note] Shutting down plugin 'INNODB_LOCK_WAITS'
2018-03-31 05:15:56 39 [Note] Shutting down plugin 'INNODB_LOCKS'
2018-03-31 05:15:56 39 [Note] Shutting down plugin 'INNODB_TRX'
2018-03-31 05:15:56 39 [Note] Shutting down plugin 'InnoDB'
2018-03-31 05:15:56 39 [Note] InnoDB: FTS optimize thread exiting.
2018-03-31 05:15:56 39 [Note] InnoDB: Starting shutdown...
2018-03-31 05:15:57 39 [Note] InnoDB: Shutdown completed; log sequence number 3682453
2018-03-31 05:15:57 39 [Note] Shutting down plugin 'BLACKHOLE'
2018-03-31 05:15:57 39 [Note] Shutting down plugin 'ARCHIVE'
2018-03-31 05:15:57 39 [Note] Shutting down plugin 'PERFORMANCE_SCHEMA'
2018-03-31 05:15:57 39 [Note] Shutting down plugin 'MEMORY'
2018-03-31 05:15:57 39 [Note] Shutting down plugin 'MyISAM'
2018-03-31 05:15:57 39 [Note] Shutting down plugin 'MRG_MYISAM'
2018-03-31 05:15:57 39 [Note] Shutting down plugin 'CSV'
2018-03-31 05:15:57 39 [Note] Shutting down plugin 'sha256_password'
2018-03-31 05:15:57 39 [Note] Shutting down plugin 'mysql_old_password'
2018-03-31 05:15:57 39 [Note] Shutting down plugin 'mysql_native_password'
2018-03-31 05:15:57 39 [Note] Shutting down plugin 'binlog'
2018-03-31 05:15:57 39 [Note] /usr/sbin/mysqld: Shutdown complete

2018-03-31 08:53:08 38 [Warning] Using unique option prefix myisam-recover instead of myisam-recover-options is deprecated and will be removed in a future release. Please use the full name instead.
2018-03-31 08:53:08 38 [Note] Plugin 'FEDERATED' is disabled.
2018-03-31 08:53:08 38 [Note] InnoDB: Using atomics to ref count buffer pool pages
2018-03-31 08:53:08 38 [Note] InnoDB: The InnoDB memory heap is disabled
2018-03-31 08:53:08 38 [Note] InnoDB: Mutexes and rw_locks use GCC atomic builtins
2018-03-31 08:53:08 38 [Note] InnoDB: Memory barrier is not used
2018-03-31 08:53:08 38 [Note] InnoDB: Compressed tables use zlib 1.2.3
2018-03-31 08:53:08 38 [Note] InnoDB: Using Linux native AIO
2018-03-31 08:53:08 38 [Note] InnoDB: Using CPU crc32 instructions
2018-03-31 08:53:08 38 [Note] InnoDB: Initializing buffer pool, size = 32.0M
2018-03-31 08:53:08 38 [Note] InnoDB: Completed initialization of buffer pool
2018-03-31 08:53:08 38 [Note] InnoDB: Highest supported file format is Barracuda.
2018-03-31 08:53:08 38 [Note] InnoDB: 128 rollback segment(s) are active.
2018-03-31 08:53:08 38 [Note] InnoDB: Waiting for purge to start
2018-03-31 08:53:08 38 [Note] InnoDB: 5.6.37 started; log sequence number 3682453
2018-03-31 08:53:08 38 [Note] Server hostname (bind-address): '*'; port: 3306
2018-03-31 08:53:08 38 [Note] IPv6 is available.
2018-03-31 08:53:08 38 [Note]   - '::' resolves to '::';
2018-03-31 08:53:08 38 [Note] Server socket created on IP: '::'.
2018-03-31 08:53:08 38 [Warning] 'user' entry 'root@e24d0b5cccc1' ignored in --skip-name-resolve mode.
2018-03-31 08:53:08 38 [Warning] 'user' entry '@e24d0b5cccc1' ignored in --skip-name-resolve mode.
2018-03-31 08:53:08 38 [Warning] 'proxies_priv' entry '@ root@e24d0b5cccc1' ignored in --skip-name-resolve mode.
2018-03-31 08:53:08 38 [Note] Event Scheduler: Loaded 0 events
2018-03-31 08:53:08 38 [Note] /usr/sbin/mysqld: ready for connections.
Version: '5.6.37'  socket: '/var/run/mysqld/mysqld.sock'  port: 3306  MySQL Community Server (GPL)
2018-04-03 11:19:24 19 [Warning] Using unique option prefix myisam-recover instead of myisam-recover-options is deprecated and will be removed in a future release. Please use the full name instead.
2018-04-03 11:19:24 19 [Note] Plugin 'FEDERATED' is disabled.
2018-04-03 11:19:24 19 [Note] InnoDB: Using atomics to ref count buffer pool pages
2018-04-03 11:19:24 19 [Note] InnoDB: The InnoDB memory heap is disabled
2018-04-03 11:19:24 19 [Note] InnoDB: Mutexes and rw_locks use GCC atomic builtins
2018-04-03 11:19:24 19 [Note] InnoDB: Memory barrier is not used
2018-04-03 11:19:24 19 [Note] InnoDB: Compressed tables use zlib 1.2.3
2018-04-03 11:19:24 19 [Note] InnoDB: Using Linux native AIO
2018-04-03 11:19:24 19 [Note] InnoDB: Using CPU crc32 instructions
2018-04-03 11:19:24 19 [Note] InnoDB: Initializing buffer pool, size = 32.0M
2018-04-03 11:19:25 19 [Note] InnoDB: Completed initialization of buffer pool
2018-04-03 11:19:25 19 [Note] InnoDB: Highest supported file format is Barracuda.
2018-04-03 11:19:25 19 [Note] InnoDB: The log sequence numbers 3682453 and 3682453 in ibdata files do not match the log sequence number 3682463 in the ib_logfiles!
2018-04-03 11:19:25 19 [Note] InnoDB: Database was not shutdown normally!
2018-04-03 11:19:25 19 [Note] InnoDB: Starting crash recovery.
2018-04-03 11:19:25 19 [Note] InnoDB: Reading tablespace information from the .ibd files...
2018-04-03 11:19:25 19 [Note] InnoDB: Restoring possible half-written data pages 
2018-04-03 11:19:25 19 [Note] InnoDB: from the doublewrite buffer...
2018-04-03 11:19:25 19 [Note] InnoDB: 128 rollback segment(s) are active.
2018-04-03 11:19:25 19 [Note] InnoDB: Waiting for purge to start
2018-04-03 11:19:25 19 [Note] InnoDB: 5.6.37 started; log sequence number 3682463
2018-04-03 11:19:25 19 [Note] Server hostname (bind-address): '*'; port: 3306
2018-04-03 11:19:25 19 [Note] IPv6 is available.
2018-04-03 11:19:25 19 [Note]   - '::' resolves to '::';
2018-04-03 11:19:25 19 [Note] Server socket created on IP: '::'.
2018-04-03 11:19:25 19 [Warning] 'user' entry 'root@e24d0b5cccc1' ignored in --skip-name-resolve mode.
2018-04-03 11:19:25 19 [Warning] 'user' entry '@e24d0b5cccc1' ignored in --skip-name-resolve mode.
2018-04-03 11:19:25 19 [Warning] 'proxies_priv' entry '@ root@e24d0b5cccc1' ignored in --skip-name-resolve mode.
2018-04-03 11:19:25 19 [Note] Event Scheduler: Loaded 0 events
2018-04-03 11:19:25 19 [Note] /usr/sbin/mysqld: ready for connections.
Version: '5.6.37'  socket: '/var/run/mysqld/mysqld.sock'  port: 3306  MySQL Community Server (GPL)
2018-04-03 11:19:55 19 [Note] /usr/sbin/mysqld: Normal shutdown

2018-04-03 11:19:55 19 [Note] Giving 0 client threads a chance to die gracefully
2018-04-03 11:19:55 19 [Note] Event Scheduler: Purging the queue. 0 events
2018-04-03 11:19:55 19 [Note] Shutting down slave threads
2018-04-03 11:19:55 19 [Note] Forcefully disconnecting 0 remaining clients
2018-04-03 11:19:55 19 [Note] Binlog end
2018-04-03 11:19:55 19 [Note] Shutting down plugin 'partition'
2018-04-03 11:19:55 19 [Note] Shutting down plugin 'INNODB_SYS_DATAFILES'
2018-04-03 11:19:55 19 [Note] Shutting down plugin 'INNODB_SYS_TABLESPACES'
2018-04-03 11:19:55 19 [Note] Shutting down plugin 'INNODB_SYS_FOREIGN_COLS'
2018-04-03 11:19:55 19 [Note] Shutting down plugin 'INNODB_SYS_FOREIGN'
2018-04-03 11:19:55 19 [Note] Shutting down plugin 'INNODB_SYS_FIELDS'
2018-04-03 11:19:55 19 [Note] Shutting down plugin 'INNODB_SYS_COLUMNS'
2018-04-03 11:19:55 19 [Note] Shutting down plugin 'INNODB_SYS_INDEXES'
2018-04-03 11:19:55 19 [Note] Shutting down plugin 'INNODB_SYS_TABLESTATS'
2018-04-03 11:19:55 19 [Note] Shutting down plugin 'INNODB_SYS_TABLES'
2018-04-03 11:19:55 19 [Note] Shutting down plugin 'INNODB_FT_INDEX_TABLE'
2018-04-03 11:19:55 19 [Note] Shutting down plugin 'INNODB_FT_INDEX_CACHE'
2018-04-03 11:19:55 19 [Note] Shutting down plugin 'INNODB_FT_CONFIG'
2018-04-03 11:19:55 19 [Note] Shutting down plugin 'INNODB_FT_BEING_DELETED'
2018-04-03 11:19:55 19 [Note] Shutting down plugin 'INNODB_FT_DELETED'
2018-04-03 11:19:55 19 [Note] Shutting down plugin 'INNODB_FT_DEFAULT_STOPWORD'
2018-04-03 11:19:55 19 [Note] Shutting down plugin 'INNODB_METRICS'
2018-04-03 11:19:55 19 [Note] Shutting down plugin 'INNODB_BUFFER_POOL_STATS'
2018-04-03 11:19:55 19 [Note] Shutting down plugin 'INNODB_BUFFER_PAGE_LRU'
2018-04-03 11:19:55 19 [Note] Shutting down plugin 'INNODB_BUFFER_PAGE'
2018-04-03 11:19:55 19 [Note] Shutting down plugin 'INNODB_CMP_PER_INDEX_RESET'
2018-04-03 11:19:55 19 [Note] Shutting down plugin 'INNODB_CMP_PER_INDEX'
2018-04-03 11:19:55 19 [Note] Shutting down plugin 'INNODB_CMPMEM_RESET'
2018-04-03 11:19:55 19 [Note] Shutting down plugin 'INNODB_CMPMEM'
2018-04-03 11:19:55 19 [Note] Shutting down plugin 'INNODB_CMP_RESET'
2018-04-03 11:19:55 19 [Note] Shutting down plugin 'INNODB_CMP'
2018-04-03 11:19:55 19 [Note] Shutting down plugin 'INNODB_LOCK_WAITS'
2018-04-03 11:19:55 19 [Note] Shutting down plugin 'INNODB_LOCKS'
2018-04-03 11:19:55 19 [Note] Shutting down plugin 'INNODB_TRX'
2018-04-03 11:19:55 19 [Note] Shutting down plugin 'InnoDB'
2018-04-03 11:19:55 19 [Note] InnoDB: FTS optimize thread exiting.
2018-04-03 11:19:55 19 [Note] InnoDB: Starting shutdown...
2018-04-03 11:19:56 19 [Note] InnoDB: Shutdown completed; log sequence number 3720130
2018-04-03 11:19:56 19 [Note] Shutting down plugin 'BLACKHOLE'
2018-04-03 11:19:56 19 [Note] Shutting down plugin 'ARCHIVE'
2018-04-03 11:19:56 19 [Note] Shutting down plugin 'PERFORMANCE_SCHEMA'
2018-04-03 11:19:56 19 [Note] Shutting down plugin 'MEMORY'
2018-04-03 11:19:56 19 [Note] Shutting down plugin 'MyISAM'
2018-04-03 11:19:56 19 [Note] Shutting down plugin 'MRG_MYISAM'
2018-04-03 11:19:56 19 [Note] Shutting down plugin 'CSV'
2018-04-03 11:19:56 19 [Note] Shutting down plugin 'sha256_password'
2018-04-03 11:19:56 19 [Note] Shutting down plugin 'mysql_old_password'
2018-04-03 11:19:56 19 [Note] Shutting down plugin 'mysql_native_password'
2018-04-03 11:19:56 19 [Note] Shutting down plugin 'binlog'
2018-04-03 11:19:56 19 [Note] /usr/sbin/mysqld: Shutdown complete

2018-04-03 12:43:13 43 [Warning] Using unique option prefix myisam-recover instead of myisam-recover-options is deprecated and will be removed in a future release. Please use the full name instead.
2018-04-03 12:43:13 43 [Note] Plugin 'FEDERATED' is disabled.
2018-04-03 12:43:13 43 [Note] InnoDB: Using atomics to ref count buffer pool pages
2018-04-03 12:43:13 43 [Note] InnoDB: The InnoDB memory heap is disabled
2018-04-03 12:43:13 43 [Note] InnoDB: Mutexes and rw_locks use GCC atomic builtins
2018-04-03 12:43:13 43 [Note] InnoDB: Memory barrier is not used
2018-04-03 12:43:13 43 [Note] InnoDB: Compressed tables use zlib 1.2.3
2018-04-03 12:43:13 43 [Note] InnoDB: Using Linux native AIO
2018-04-03 12:43:13 43 [Note] InnoDB: Using CPU crc32 instructions
2018-04-03 12:43:13 43 [Note] InnoDB: Initializing buffer pool, size = 32.0M
2018-04-03 12:43:13 43 [Note] InnoDB: Completed initialization of buffer pool
2018-04-03 12:43:13 43 [Note] InnoDB: Highest supported file format is Barracuda.
2018-04-03 12:43:13 43 [Note] InnoDB: 128 rollback segment(s) are active.
2018-04-03 12:43:13 43 [Note] InnoDB: Waiting for purge to start
2018-04-03 12:43:13 43 [Note] InnoDB: 5.6.37 started; log sequence number 3720130
2018-04-03 12:43:13 43 [Note] Server hostname (bind-address): '*'; port: 3306
2018-04-03 12:43:13 43 [Note] IPv6 is available.
2018-04-03 12:43:13 43 [Note]   - '::' resolves to '::';
2018-04-03 12:43:13 43 [Note] Server socket created on IP: '::'.
2018-04-03 12:43:13 43 [Warning] 'user' entry 'root@e24d0b5cccc1' ignored in --skip-name-resolve mode.
2018-04-03 12:43:13 43 [Warning] 'user' entry '@e24d0b5cccc1' ignored in --skip-name-resolve mode.
2018-04-03 12:43:13 43 [Warning] 'proxies_priv' entry '@ root@e24d0b5cccc1' ignored in --skip-name-resolve mode.
2018-04-03 12:43:13 43 [Note] Event Scheduler: Loaded 0 events
2018-04-03 12:43:13 43 [Note] /usr/sbin/mysqld: ready for connections.
Version: '5.6.37'  socket: '/var/run/mysqld/mysqld.sock'  port: 3306  MySQL Community Server (GPL)
2018-04-03 12:43:15 43 [Note] /usr/sbin/mysqld: Normal shutdown

2018-04-03 12:43:15 43 [Note] Giving 0 client threads a chance to die gracefully
2018-04-03 12:43:15 43 [Note] Event Scheduler: Purging the queue. 0 events
2018-04-03 12:43:15 43 [Note] Shutting down slave threads
2018-04-03 12:43:15 43 [Note] Forcefully disconnecting 0 remaining clients
2018-04-03 12:43:15 43 [Note] Binlog end
2018-04-03 12:43:15 43 [Note] Shutting down plugin 'partition'
2018-04-03 12:43:15 43 [Note] Shutting down plugin 'INNODB_SYS_DATAFILES'
2018-04-03 12:43:15 43 [Note] Shutting down plugin 'INNODB_SYS_TABLESPACES'
2018-04-03 12:43:15 43 [Note] Shutting down plugin 'INNODB_SYS_FOREIGN_COLS'
2018-04-03 12:43:15 43 [Note] Shutting down plugin 'INNODB_SYS_FOREIGN'
2018-04-03 12:43:15 43 [Note] Shutting down plugin 'INNODB_SYS_FIELDS'
2018-04-03 12:43:15 43 [Note] Shutting down plugin 'INNODB_SYS_COLUMNS'
2018-04-03 12:43:15 43 [Note] Shutting down plugin 'INNODB_SYS_INDEXES'
2018-04-03 12:43:15 43 [Note] Shutting down plugin 'INNODB_SYS_TABLESTATS'
2018-04-03 12:43:15 43 [Note] Shutting down plugin 'INNODB_SYS_TABLES'
2018-04-03 12:43:15 43 [Note] Shutting down plugin 'INNODB_FT_INDEX_TABLE'
2018-04-03 12:43:15 43 [Note] Shutting down plugin 'INNODB_FT_INDEX_CACHE'
2018-04-03 12:43:15 43 [Note] Shutting down plugin 'INNODB_FT_CONFIG'
2018-04-03 12:43:15 43 [Note] Shutting down plugin 'INNODB_FT_BEING_DELETED'
2018-04-03 12:43:15 43 [Note] Shutting down plugin 'INNODB_FT_DELETED'
2018-04-03 12:43:15 43 [Note] Shutting down plugin 'INNODB_FT_DEFAULT_STOPWORD'
2018-04-03 12:43:15 43 [Note] Shutting down plugin 'INNODB_METRICS'
2018-04-03 12:43:15 43 [Note] Shutting down plugin 'INNODB_BUFFER_POOL_STATS'
2018-04-03 12:43:15 43 [Note] Shutting down plugin 'INNODB_BUFFER_PAGE_LRU'
2018-04-03 12:43:15 43 [Note] Shutting down plugin 'INNODB_BUFFER_PAGE'
2018-04-03 12:43:15 43 [Note] Shutting down plugin 'INNODB_CMP_PER_INDEX_RESET'
2018-04-03 12:43:15 43 [Note] Shutting down plugin 'INNODB_CMP_PER_INDEX'
2018-04-03 12:43:15 43 [Note] Shutting down plugin 'INNODB_CMPMEM_RESET'
2018-04-03 12:43:15 43 [Note] Shutting down plugin 'INNODB_CMPMEM'
2018-04-03 12:43:15 43 [Note] Shutting down plugin 'INNODB_CMP_RESET'
2018-04-03 12:43:15 43 [Note] Shutting down plugin 'INNODB_CMP'
2018-04-03 12:43:15 43 [Note] Shutting down plugin 'INNODB_LOCK_WAITS'
2018-04-03 12:43:15 43 [Note] Shutting down plugin 'INNODB_LOCKS'
2018-04-03 12:43:15 43 [Note] Shutting down plugin 'INNODB_TRX'
2018-04-03 12:43:15 43 [Note] Shutting down plugin 'InnoDB'
2018-04-03 12:43:15 43 [Note] InnoDB: FTS optimize thread exiting.
2018-04-03 12:43:15 43 [Note] InnoDB: Starting shutdown...
2018-04-03 12:43:17 43 [Note] InnoDB: Shutdown completed; log sequence number 3720140
2018-04-03 12:43:17 43 [Note] Shutting down plugin 'BLACKHOLE'
2018-04-03 12:43:17 43 [Note] Shutting down plugin 'ARCHIVE'
2018-04-03 12:43:17 43 [Note] Shutting down plugin 'PERFORMANCE_SCHEMA'
2018-04-03 12:43:17 43 [Note] Shutting down plugin 'MEMORY'
2018-04-03 12:43:17 43 [Note] Shutting down plugin 'MyISAM'
2018-04-03 12:43:17 43 [Note] Shutting down plugin 'MRG_MYISAM'
2018-04-03 12:43:17 43 [Note] Shutting down plugin 'CSV'
2018-04-03 12:43:17 43 [Note] Shutting down plugin 'sha256_password'
2018-04-03 12:43:17 43 [Note] Shutting down plugin 'mysql_old_password'
2018-04-03 12:43:17 43 [Note] Shutting down plugin 'mysql_native_password'
2018-04-03 12:43:17 43 [Note] Shutting down plugin 'binlog'
2018-04-03 12:43:17 43 [Note] /usr/sbin/mysqld: Shutdown complete

2018-04-05 10:54:13 21 [Warning] Using unique option prefix myisam-recover instead of myisam-recover-options is deprecated and will be removed in a future release. Please use the full name instead.
2018-04-05 10:54:13 21 [Note] Plugin 'FEDERATED' is disabled.
2018-04-05 10:54:13 21 [Note] InnoDB: Using atomics to ref count buffer pool pages
2018-04-05 10:54:13 21 [Note] InnoDB: The InnoDB memory heap is disabled
2018-04-05 10:54:13 21 [Note] InnoDB: Mutexes and rw_locks use GCC atomic builtins
2018-04-05 10:54:13 21 [Note] InnoDB: Memory barrier is not used
2018-04-05 10:54:13 21 [Note] InnoDB: Compressed tables use zlib 1.2.3
2018-04-05 10:54:13 21 [Note] InnoDB: Using Linux native AIO
2018-04-05 10:54:13 21 [Note] InnoDB: Using CPU crc32 instructions
2018-04-05 10:54:13 21 [Note] InnoDB: Initializing buffer pool, size = 32.0M
2018-04-05 10:54:13 21 [Note] InnoDB: Completed initialization of buffer pool
2018-04-05 10:54:13 21 [Note] InnoDB: Highest supported file format is Barracuda.
2018-04-05 10:54:13 21 [Note] InnoDB: 128 rollback segment(s) are active.
2018-04-05 10:54:13 21 [Note] InnoDB: Waiting for purge to start
2018-04-05 10:54:13 21 [Note] InnoDB: 5.6.37 started; log sequence number 3720140
2018-04-05 10:54:13 21 [Note] Server hostname (bind-address): '*'; port: 3306
2018-04-05 10:54:13 21 [Note] IPv6 is available.
2018-04-05 10:54:13 21 [Note]   - '::' resolves to '::';
2018-04-05 10:54:13 21 [Note] Server socket created on IP: '::'.
2018-04-05 10:54:13 21 [Warning] 'user' entry 'root@e24d0b5cccc1' ignored in --skip-name-resolve mode.
2018-04-05 10:54:13 21 [Warning] 'user' entry '@e24d0b5cccc1' ignored in --skip-name-resolve mode.
2018-04-05 10:54:13 21 [Warning] 'proxies_priv' entry '@ root@e24d0b5cccc1' ignored in --skip-name-resolve mode.
2018-04-05 10:54:13 21 [Note] Event Scheduler: Loaded 0 events
2018-04-05 10:54:13 21 [Note] /usr/sbin/mysqld: ready for connections.
Version: '5.6.37'  socket: '/var/run/mysqld/mysqld.sock'  port: 3306  MySQL Community Server (GPL)
